2025-05-15 12:59:32Array
(
)


2025-05-15 13:00:02Array
(
)


2025-05-15 13:01:17Array
(
)


2025-05-15 13:01:17Error fetching created_at for ID : 

2025-05-15 13:35:52 - Incoming Request: []
2025-05-15 13:35:52 - Missing required fields: smsID or type.
2025-05-15 13:36:46 - Incoming Request: {"type":"8","message":"ACK\/","time":"2025-05-15 13:36:45","charset":"UTF-8","kannel_id":"2b90f326-bfbd-4700-97a8-623a82e63b94","userref":"","phone":"2347030091110","sender":"UBA","id":"2b90f326-bfbd-4700-97a8-623a82e63b94","report":"9223372036854775807","messages":"-1","smsID":"6825edeb38ea3"}
2025-05-15 13:36:46 - Type 8 received for smsID 6825edeb38ea3, ignoring as per business rule.
2025-05-15 13:36:46 - Incoming Request: {"type":"8","message":"ACK\/","time":"2025-05-15 13:36:45","charset":"UTF-8","kannel_id":"1c2a42d4-b40c-4a8c-bfa7-c695c309dfef","userref":"","phone":"2348022222124","sender":"UBA","id":"1c2a42d4-b40c-4a8c-bfa7-c695c309dfef","report":"9223372036854775807","messages":"-1","smsID":"6825edeb3970e"}
2025-05-15 13:36:46 - Type 8 received for smsID 6825edeb3970e, ignoring as per business rule.
2025-05-15 13:36:46 - Incoming Request: {"type":"8","message":"ACK\/","time":"2025-05-15 13:36:45","charset":"UTF-8","kannel_id":"54915c6a-1a18-47c3-b156-a3603abafec2","userref":"","phone":"2347030091110","sender":"UBA","id":"54915c6a-1a18-47c3-b156-a3603abafec2","report":"9223372036854775807","messages":"-1","smsID":"6825edeb38ea3"}
2025-05-15 13:36:46 - Type 8 received for smsID 6825edeb38ea3, ignoring as per business rule.
2025-05-15 13:36:46 - Incoming Request: {"type":"8","message":"ACK\/","time":"2025-05-15 13:36:45","charset":"UTF-8","kannel_id":"5a4eb12d-3e05-4c4b-b891-5f72064ac4ae","userref":"","phone":"2348143047851","sender":"UBA","id":"5a4eb12d-3e05-4c4b-b891-5f72064ac4ae","report":"9223372036854775807","messages":"-1","smsID":"6825edeb383bb"}
2025-05-15 13:36:46 - Type 8 received for smsID 6825edeb383bb, ignoring as per business rule.
2025-05-15 13:36:46 - Incoming Request: {"type":"8","message":"ACK\/","time":"2025-05-15 13:36:46","charset":"UTF-8","kannel_id":"36ecd6f4-853d-436a-83d5-20b4ee1b3043","userref":"","phone":"2348032039973","sender":"UBA","id":"36ecd6f4-853d-436a-83d5-20b4ee1b3043","report":"9223372036854775807","messages":"-1","smsID":"6825edeb3d3b2"}
2025-05-15 13:36:46 - Type 8 received for smsID 6825edeb3d3b2, ignoring as per business rule.
2025-05-15 13:36:46 - Incoming Request: {"type":"8","message":"ACK\/","time":"2025-05-15 13:36:45","charset":"UTF-8","kannel_id":"d94b5ea6-5e04-4de0-83df-d15b27aefa4e","userref":"","phone":"2348143047851","sender":"UBA","id":"d94b5ea6-5e04-4de0-83df-d15b27aefa4e","report":"9223372036854775807","messages":"-1","smsID":"6825edeb383bb"}
2025-05-15 13:36:46 - Type 8 received for smsID 6825edeb383bb, ignoring as per business rule.
2025-05-15 13:36:46 - Incoming Request: {"type":"8","message":"ACK\/","time":"2025-05-15 13:36:45","charset":"UTF-8","kannel_id":"8c6c4c4e-a821-4726-8e86-f4e61dd54777","userref":"","phone":"2348060079090","sender":"UBA","id":"8c6c4c4e-a821-4726-8e86-f4e61dd54777","report":"9223372036854775807","messages":"-1","smsID":"6825edeb3b7cf"}
2025-05-15 13:36:46 - Type 8 received for smsID 6825edeb3b7cf, ignoring as per business rule.
2025-05-15 13:36:46 - Incoming Request: {"type":"8","message":"ACK\/","time":"2025-05-15 13:36:45","charset":"UTF-8","kannel_id":"52eb2d33-8ca7-45ae-a5f3-255ef11cf29c","userref":"","phone":"2348022222124","sender":"UBA","id":"52eb2d33-8ca7-45ae-a5f3-255ef11cf29c","report":"9223372036854775807","messages":"-1","smsID":"6825edeb3970e"}
2025-05-15 13:36:46 - Type 8 received for smsID 6825edeb3970e, ignoring as per business rule.
2025-05-15 13:36:46 - Incoming Request: {"type":"8","message":"ACK\/","time":"2025-05-15 13:36:45","charset":"UTF-8","kannel_id":"25347c7a-a565-4f7f-bcc3-b39264ea6bfe","userref":"","phone":"2347065386159","sender":"UBA","id":"25347c7a-a565-4f7f-bcc3-b39264ea6bfe","report":"9223372036854775807","messages":"-1","smsID":"6825edeb3c14d"}
2025-05-15 13:36:46 - Type 8 received for smsID 6825edeb3c14d, ignoring as per business rule.
2025-05-15 13:36:46 - Incoming Request: {"type":"8","message":"ACK\/","time":"2025-05-15 13:36:45","charset":"UTF-8","kannel_id":"5bc42f14-f718-4362-a893-398212c47763","userref":"","phone":"2349159403602","sender":"UBA","id":"5bc42f14-f718-4362-a893-398212c47763","report":"9223372036854775807","messages":"-1","smsID":"6825edeb3cb7a"}
2025-05-15 13:36:46 - Type 8 received for smsID 6825edeb3cb7a, ignoring as per business rule.
2025-05-15 13:36:46 - Incoming Request: {"type":"8","message":"ACK\/","time":"2025-05-15 13:36:45","charset":"UTF-8","kannel_id":"437f5006-9f6c-441b-8b21-fb5ab19f7a9d","userref":"","phone":"2348060079090","sender":"UBA","id":"437f5006-9f6c-441b-8b21-fb5ab19f7a9d","report":"9223372036854775807","messages":"-1","smsID":"6825edeb3b7cf"}
2025-05-15 13:36:46 - Type 8 received for smsID 6825edeb3b7cf, ignoring as per business rule.
2025-05-15 13:36:46 - Incoming Request: {"type":"8","message":"ACK\/","time":"2025-05-15 13:36:45","charset":"UTF-8","kannel_id":"f6ebf2f1-7381-40b8-a106-477138aa2310","userref":"","phone":"2349159403602","sender":"UBA","id":"f6ebf2f1-7381-40b8-a106-477138aa2310","report":"9223372036854775807","messages":"-1","smsID":"6825edeb3cb7a"}
2025-05-15 13:36:46 - Type 8 received for smsID 6825edeb3cb7a, ignoring as per business rule.
2025-05-15 13:36:46 - Incoming Request: {"type":"8","message":"ACK\/","time":"2025-05-15 13:36:45","charset":"UTF-8","kannel_id":"e933af7f-10a5-4d2d-a655-8d498cbabf37","userref":"","phone":"2347065386159","sender":"UBA","id":"e933af7f-10a5-4d2d-a655-8d498cbabf37","report":"9223372036854775807","messages":"-1","smsID":"6825edeb3c14d"}
2025-05-15 13:36:46 - Type 8 received for smsID 6825edeb3c14d, ignoring as per business rule.
2025-05-15 13:36:46 - Incoming Request: {"type":"1","message":"id:0e5f9c96c2a442e2b17dc446b8ab18eb9c09f6a5 sub:001 dlvrd:000 submit date:2505151436 done date:2505151436 stat:DELIVRD err:000 text:","time":"2025-05-15 13:36:46","charset":"UTF-8","kannel_id":"c2c9f37d-9348-4ef8-86df-6b6f85e2b96f","userref":"ubabulk1","phone":"2347065386159","sender":"UBA","id":"c2c9f37d-9348-4ef8-86df-6b6f85e2b96f","report":"9223372036854775807","messages":"-1","smsID":"6825e63b9cdb3"}
2025-05-15 13:36:46 - Parsed DLR for smsID 6825e63b9cdb3: {"id":"0e5f9c96c2a442e2b17dc446b8ab18eb9c09f6a5","sub":"001","dlvrd":"000","submit":"","submitDate":"2025-05-15 14:36","done":"","doneDate":"2025-05-15 14:36","stat":"DELIVRD","err":"000","text":""}
2025-05-15 13:36:46 - Fetched created_at for smsID 6825e63b9cdb3: 2025-05-15 13:03:59, using doneDate: 2025-05-15 13:04:55
2025-05-15 13:36:46 - Successfully updated smsID 6825e63b9cdb3 with status: DELIVRD, errorCode: 000, operator: MTN
2025-05-15 13:36:46 - Incoming Request: {"type":"8","message":"ACK\/","time":"2025-05-15 13:36:46","charset":"UTF-8","kannel_id":"c1accdf7-71be-4425-9698-0632ff08fbe8","userref":"","phone":"2348032039973","sender":"UBA","id":"c1accdf7-71be-4425-9698-0632ff08fbe8","report":"9223372036854775807","messages":"-1","smsID":"6825edeb3d3b2"}
2025-05-15 13:36:46 - Type 8 received for smsID 6825edeb3d3b2, ignoring as per business rule.
2025-05-15 13:36:46 - Incoming Request: {"type":"1","message":"id:250c3c5c3dcb4ea88048e2220eb0ea9bab7a3882 sub:001 dlvrd:000 submit date:2505151436 done date:2505151436 stat:DELIVRD err:000 text:","time":"2025-05-15 13:36:46","charset":"UTF-8","kannel_id":"e591f6f7-5f4f-4379-aaaa-344ac3ff6c83","userref":"ubabulk1","phone":"2348060079090","sender":"UBA","id":"e591f6f7-5f4f-4379-aaaa-344ac3ff6c83","report":"9223372036854775807","messages":"-1","smsID":"6825e63b9c5b7"}
2025-05-15 13:36:46 - Parsed DLR for smsID 6825e63b9c5b7: {"id":"250c3c5c3dcb4ea88048e2220eb0ea9bab7a3882","sub":"001","dlvrd":"000","submit":"","submitDate":"2025-05-15 14:36","done":"","doneDate":"2025-05-15 14:36","stat":"DELIVRD","err":"000","text":""}
2025-05-15 13:36:46 - Fetched created_at for smsID 6825e63b9c5b7: 2025-05-15 13:03:59, using doneDate: 2025-05-15 13:04:31
2025-05-15 13:36:46 - Successfully updated smsID 6825e63b9c5b7 with status: DELIVRD, errorCode: 000, operator: MTN
2025-05-15 13:36:47 - Incoming Request: {"type":"1","message":"id:d66c96cfdb354eb29d3349beb34d869a32192a5c sub:001 dlvrd:000 submit date:2505151436 done date:2505151436 stat:DELIVRD err:000 text:","time":"2025-05-15 13:36:47","charset":"UTF-8","kannel_id":"54137c2e-89cd-4bf6-b1bb-386625f9af15","userref":"ubabulk1","phone":"2348032039973","sender":"UBA","id":"54137c2e-89cd-4bf6-b1bb-386625f9af15","report":"9223372036854775807","messages":"-1","smsID":"6825e63b9d92e"}
2025-05-15 13:36:47 - Parsed DLR for smsID 6825e63b9d92e: {"id":"d66c96cfdb354eb29d3349beb34d869a32192a5c","sub":"001","dlvrd":"000","submit":"","submitDate":"2025-05-15 14:36","done":"","doneDate":"2025-05-15 14:36","stat":"DELIVRD","err":"000","text":""}
2025-05-15 13:36:47 - Fetched created_at for smsID 6825e63b9d92e: 2025-05-15 13:03:59, using doneDate: 2025-05-15 13:04:32
2025-05-15 13:36:47 - Successfully updated smsID 6825e63b9d92e with status: DELIVRD, errorCode: 000, operator: MTN
2025-05-15 13:36:47 - Incoming Request: {"type":"1","message":"id:3b3188058c98431886d6d3277e3b91610cb2d3e2 sub:001 dlvrd:001 submit date:2505151436 done date:2505151436 stat:DELIVRD err:000 text:Hello%20Samson,%20yo","time":"2025-05-15 13:36:47","charset":"UTF-8","kannel_id":"1f1a455a-1917-4e7e-900a-f903c89dd784","userref":"ubabulk1","phone":"2348032039973","sender":"UBA","id":"1f1a455a-1917-4e7e-900a-f903c89dd784","report":"9223372036854775807","messages":"-1","smsID":"6825e63b9d92e"}
2025-05-15 13:36:47 - Parsed DLR for smsID 6825e63b9d92e: {"id":"3b3188058c98431886d6d3277e3b91610cb2d3e2","sub":"001","dlvrd":"001","submit":"","submitDate":"2025-05-15 14:36","done":"","doneDate":"2025-05-15 14:36","stat":"DELIVRD","err":"000","text":"Hello%20Samson,%20yo"}
2025-05-15 13:36:47 - Fetched created_at for smsID 6825e63b9d92e: 2025-05-15 13:03:59, using doneDate: 2025-05-15 13:04:30
2025-05-15 13:36:47 - Successfully updated smsID 6825e63b9d92e with status: DELIVRD, errorCode: 000, operator: MTN
2025-05-15 13:36:48 - Incoming Request: {"type":"1","message":"id:4b3ce127007e4850b6a314696a9bcbfcf18e5476 sub:001 dlvrd:000 submit date:2505151436 done date:2505151436 stat:DELIVRD err:000 text:","time":"2025-05-15 13:36:47","charset":"UTF-8","kannel_id":"0b9b39cd-e1da-4731-b336-358110e356fa","userref":"ubabulk1","phone":"2347065386159","sender":"UBA","id":"0b9b39cd-e1da-4731-b336-358110e356fa","report":"9223372036854775807","messages":"-1","smsID":"6825e63b9cdb3"}
2025-05-15 13:36:48 - Parsed DLR for smsID 6825e63b9cdb3: {"id":"4b3ce127007e4850b6a314696a9bcbfcf18e5476","sub":"001","dlvrd":"000","submit":"","submitDate":"2025-05-15 14:36","done":"","doneDate":"2025-05-15 14:36","stat":"DELIVRD","err":"000","text":""}
2025-05-15 13:36:48 - Fetched created_at for smsID 6825e63b9cdb3: 2025-05-15 13:03:59, using doneDate: 2025-05-15 13:04:18
2025-05-15 13:36:48 - Successfully updated smsID 6825e63b9cdb3 with status: DELIVRD, errorCode: 000, operator: MTN
2025-05-15 13:36:48 - Incoming Request: {"type":"1","message":"id:f13e49b16af74e0ab3184564c06b3de667fab2b4 sub:001 dlvrd:000 submit date:2505151436 done date:2505151436 stat:DELIVRD err:000 text:","time":"2025-05-15 13:36:48","charset":"UTF-8","kannel_id":"fe9583ea-18cd-45db-9c54-19d04dcb5ef5","userref":"ubabulk1","phone":"2348060079090","sender":"UBA","id":"fe9583ea-18cd-45db-9c54-19d04dcb5ef5","report":"9223372036854775807","messages":"-1","smsID":"6825e63b9c5b7"}
2025-05-15 13:36:48 - Parsed DLR for smsID 6825e63b9c5b7: {"id":"f13e49b16af74e0ab3184564c06b3de667fab2b4","sub":"001","dlvrd":"000","submit":"","submitDate":"2025-05-15 14:36","done":"","doneDate":"2025-05-15 14:36","stat":"DELIVRD","err":"000","text":""}
2025-05-15 13:36:48 - Fetched created_at for smsID 6825e63b9c5b7: 2025-05-15 13:03:59, using doneDate: 2025-05-15 13:04:58
2025-05-15 13:36:48 - Successfully updated smsID 6825e63b9c5b7 with status: DELIVRD, errorCode: 000, operator: MTN
2025-05-15 13:36:48 - Incoming Request: {"type":"1","message":"id:7ad441dbf91647cd90a81edccf79f904d001c9e3 sub:000 dlvrd:000 submit date:2505151436 done date:2505151436 stat:DELIVRD err:000 text:","time":"2025-05-15 13:36:48","charset":"UTF-8","kannel_id":"6f8035d4-1054-43ea-9e26-4713bd7c4263","userref":"ubabulk1","phone":"2347030091110","sender":"UBA","id":"6f8035d4-1054-43ea-9e26-4713bd7c4263","report":"9223372036854775807","messages":"-1","smsID":"6825edeb38ea3"}
2025-05-15 13:36:48 - Parsed DLR for smsID 6825edeb38ea3: {"id":"7ad441dbf91647cd90a81edccf79f904d001c9e3","sub":"000","dlvrd":"000","submit":"","submitDate":"2025-05-15 14:36","done":"","doneDate":"2025-05-15 14:36","stat":"DELIVRD","err":"000","text":""}
2025-05-15 13:36:48 - Fetched created_at for smsID 6825edeb38ea3: 2025-05-15 13:36:45, using doneDate: 2025-05-15 13:37:01
2025-05-15 13:36:48 - Successfully updated smsID 6825edeb38ea3 with status: DELIVRD, errorCode: 000, operator: MTN
2025-05-15 13:36:48 - Incoming Request: {"type":"1","message":"id:d0625b8397ed43fbaf39617924f2eed3a2ba4c9b sub:001 dlvrd:001 submit date:2505151436 done date:2505151436 stat:DELIVRD err:000 text:Hello%20Samson,%20yo","time":"2025-05-15 13:36:48","charset":"UTF-8","kannel_id":"1d9ab66b-1189-487a-afe9-f6f52e223942","userref":"ubabulk1","phone":"2348022222124","sender":"UBA","id":"1d9ab66b-1189-487a-afe9-f6f52e223942","report":"9223372036854775807","messages":"-1","smsID":"6825edeb3970e"}
2025-05-15 13:36:48 - Parsed DLR for smsID 6825edeb3970e: {"id":"d0625b8397ed43fbaf39617924f2eed3a2ba4c9b","sub":"001","dlvrd":"001","submit":"","submitDate":"2025-05-15 14:36","done":"","doneDate":"2025-05-15 14:36","stat":"DELIVRD","err":"000","text":"Hello%20Samson,%20yo"}
2025-05-15 13:36:48 - Fetched created_at for smsID 6825edeb3970e: 2025-05-15 13:36:45, using doneDate: 2025-05-15 13:37:29
2025-05-15 13:36:48 - Successfully updated smsID 6825edeb3970e with status: DELIVRD, errorCode: 000, operator: Airtel
2025-05-15 13:37:06 - Incoming Request: {"type":"1","message":"id:362a5127f76d4a0b8d872a11db4fd3c462d7e6e1 sub:000 dlvrd:000 submit date:2505151436 done date:2505151436 stat:DELIVRD err:000 text:","time":"2025-05-15 13:37:06","charset":"UTF-8","kannel_id":"c1df5625-c579-463d-aedc-400b793476ce","userref":"ubabulk1","phone":"2347030091110","sender":"UBA","id":"c1df5625-c579-463d-aedc-400b793476ce","report":"9223372036854775807","messages":"-1","smsID":"6825edeb38ea3"}
2025-05-15 13:37:06 - Parsed DLR for smsID 6825edeb38ea3: {"id":"362a5127f76d4a0b8d872a11db4fd3c462d7e6e1","sub":"000","dlvrd":"000","submit":"","submitDate":"2025-05-15 14:36","done":"","doneDate":"2025-05-15 14:36","stat":"DELIVRD","err":"000","text":""}
2025-05-15 13:37:06 - Fetched created_at for smsID 6825edeb38ea3: 2025-05-15 13:36:45, using doneDate: 2025-05-15 13:37:45
2025-05-15 13:37:06 - Successfully updated smsID 6825edeb38ea3 with status: DELIVRD, errorCode: 000, operator: MTN
2025-05-15 13:37:07 - Incoming Request: {"type":"1","message":"id:02c6d4a5749e459dbebbd9966d03e469797b68bb sub:001 dlvrd:000 submit date:2505151436 done date:2505151437 stat:DELIVRD err:000 text:","time":"2025-05-15 13:37:07","charset":"UTF-8","kannel_id":"7e36be39-bc20-496c-bf41-da05a21fde78","userref":"ubabulk1","phone":"2348143047851","sender":"UBA","id":"7e36be39-bc20-496c-bf41-da05a21fde78","report":"9223372036854775807","messages":"-1","smsID":"6825edeb383bb"}
2025-05-15 13:37:07 - Parsed DLR for smsID 6825edeb383bb: {"id":"02c6d4a5749e459dbebbd9966d03e469797b68bb","sub":"001","dlvrd":"000","submit":"","submitDate":"2025-05-15 14:36","done":"","doneDate":"2025-05-15 14:37","stat":"DELIVRD","err":"000","text":""}
2025-05-15 13:37:07 - Fetched created_at for smsID 6825edeb383bb: 2025-05-15 13:36:45, using doneDate: 2025-05-15 13:37:25
2025-05-15 13:37:07 - Successfully updated smsID 6825edeb383bb with status: DELIVRD, errorCode: 000, operator: MTN
2025-05-15 13:37:07 - Incoming Request: {"type":"1","message":"id:1c35ccbc1a434379b8e8ba322c27d904fa9219fd sub:001 dlvrd:000 submit date:2505151436 done date:2505151437 stat:DELIVRD err:000 text:","time":"2025-05-15 13:37:07","charset":"UTF-8","kannel_id":"fedd763d-be2a-4add-a10a-358a9d54091c","userref":"ubabulk1","phone":"2348143047851","sender":"UBA","id":"fedd763d-be2a-4add-a10a-358a9d54091c","report":"9223372036854775807","messages":"-1","smsID":"6825edeb383bb"}
2025-05-15 13:37:07 - Parsed DLR for smsID 6825edeb383bb: {"id":"1c35ccbc1a434379b8e8ba322c27d904fa9219fd","sub":"001","dlvrd":"000","submit":"","submitDate":"2025-05-15 14:36","done":"","doneDate":"2025-05-15 14:37","stat":"DELIVRD","err":"000","text":""}
2025-05-15 13:37:07 - Fetched created_at for smsID 6825edeb383bb: 2025-05-15 13:36:45, using doneDate: 2025-05-15 13:37:41
2025-05-15 13:37:08 - Successfully updated smsID 6825edeb383bb with status: DELIVRD, errorCode: 000, operator: MTN
2025-05-15 13:38:11 - Incoming Request: {"type":"2","message":"id:0b1fe860f7f14d2980e983b34c88c9e00eea3ce8 sub:001 dlvrd:001 submit date:2505151358 done date:2505151438 stat:EXPIRED err:220 text:Hello%20Peter,%20you","time":"2025-05-15 13:38:10","charset":"UTF-8","kannel_id":"ed39a033-ec30-4da2-a124-3c03a43fe0a7","userref":"ubabulk1","phone":"2348022222124","sender":"UBA","id":"ed39a033-ec30-4da2-a124-3c03a43fe0a7","report":"9223372036854775807","messages":"-1","smsID":"6825edeb3970e"}
2025-05-15 13:38:11 - Parsed DLR for smsID 6825edeb3970e: {"id":"0b1fe860f7f14d2980e983b34c88c9e00eea3ce8","sub":"001","dlvrd":"001","submit":"","submitDate":"2025-05-15 13:58","done":"","doneDate":"2025-05-15 14:38","stat":"EXPIRED","err":"220","text":"Hello%20Peter,%20you"}
2025-05-15 13:38:11 - Fetched created_at for smsID 6825edeb3970e: 2025-05-15 13:36:45, using doneDate: 2025-05-15 13:36:54
2025-05-15 13:38:11 - Successfully updated smsID 6825edeb3970e with status: EXPIRED, errorCode: 220, operator: Airtel
2025-05-15 13:38:11 - Incoming Request: {"type":"2","message":"id:4b041fcf24b84653b440efefd6d1f79d0febf9ff sub:001 dlvrd:001 submit date:2505151358 done date:2505151438 stat:EXPIRED err:220 text:Hello%20Peter,%20you","time":"2025-05-15 13:38:10","charset":"UTF-8","kannel_id":"f5f036d8-9c2f-43d6-a028-feaeced509c5","userref":"ubabulk1","phone":"2348060079090","sender":"UBA","id":"f5f036d8-9c2f-43d6-a028-feaeced509c5","report":"9223372036854775807","messages":"-1","smsID":"6825edeb3b7cf"}
2025-05-15 13:38:11 - Parsed DLR for smsID 6825edeb3b7cf: {"id":"4b041fcf24b84653b440efefd6d1f79d0febf9ff","sub":"001","dlvrd":"001","submit":"","submitDate":"2025-05-15 13:58","done":"","doneDate":"2025-05-15 14:38","stat":"EXPIRED","err":"220","text":"Hello%20Peter,%20you"}
2025-05-15 13:38:11 - Error fetching created_at for ID 6825edeb3b7cf: 
2025-05-15 13:41:50 - Incoming Request: {"type":"2","message":"id:d88c06f4efd44992976f2128a1e7592a7f298196 sub:001 dlvrd:001 submit date:2505151401 done date:2505151441 stat:EXPIRED err:220 text:Hello%20Peter,%20you","time":"2025-05-15 13:41:50","charset":"UTF-8","kannel_id":"120f457d-4f37-486b-a4b6-9b18c10279b1","userref":"ubabulk1","phone":"2349159403602","sender":"UBA","id":"120f457d-4f37-486b-a4b6-9b18c10279b1","report":"9223372036854775807","messages":"-1","smsID":"6825edeb3cb7a"}
2025-05-15 13:41:50 - Parsed DLR for smsID 6825edeb3cb7a: {"id":"d88c06f4efd44992976f2128a1e7592a7f298196","sub":"001","dlvrd":"001","submit":"","submitDate":"2025-05-15 14:01","done":"","doneDate":"2025-05-15 14:41","stat":"EXPIRED","err":"220","text":"Hello%20Peter,%20you"}
2025-05-15 13:41:50 - Error fetching created_at for ID 6825edeb3cb7a: 
2025-05-15 13:41:52 - Incoming Request: {"type":"2","message":"id:8a1c67f08ce34041a220307451c11ae1528a7def sub:001 dlvrd:001 submit date:2505151401 done date:2505151441 stat:EXPIRED err:220 text:Hello%20Peter,%20you","time":"2025-05-15 13:41:52","charset":"UTF-8","kannel_id":"75ec063d-9937-4333-9576-769133437821","userref":"ubabulk1","phone":"2347065386159","sender":"UBA","id":"75ec063d-9937-4333-9576-769133437821","report":"9223372036854775807","messages":"-1","smsID":"6825edeb3c14d"}
2025-05-15 13:41:52 - Parsed DLR for smsID 6825edeb3c14d: {"id":"8a1c67f08ce34041a220307451c11ae1528a7def","sub":"001","dlvrd":"001","submit":"","submitDate":"2025-05-15 14:01","done":"","doneDate":"2025-05-15 14:41","stat":"EXPIRED","err":"220","text":"Hello%20Peter,%20you"}
2025-05-15 13:41:52 - Error fetching created_at for ID 6825edeb3c14d: 
2025-05-15 13:42:33 - Incoming Request: {"type":"1","message":"id:90c039a62f4f469bb0f67b13afc0711dc0e921af sub:001 dlvrd:000 submit date:2505151436 done date:2505151442 stat:DELIVRD err:000 text:","time":"2025-05-15 13:42:33","charset":"UTF-8","kannel_id":"d6dde282-e2b5-4c04-97db-cbccdb39c874","userref":"ubabulk1","phone":"2348060079090","sender":"UBA","id":"d6dde282-e2b5-4c04-97db-cbccdb39c874","report":"9223372036854775807","messages":"-1","smsID":"6825edeb3b7cf"}
2025-05-15 13:42:33 - Parsed DLR for smsID 6825edeb3b7cf: {"id":"90c039a62f4f469bb0f67b13afc0711dc0e921af","sub":"001","dlvrd":"000","submit":"","submitDate":"2025-05-15 14:36","done":"","doneDate":"2025-05-15 14:42","stat":"DELIVRD","err":"000","text":""}
2025-05-15 13:42:33 - Error fetching created_at for ID 6825edeb3b7cf: 
2025-05-15 13:44:03 - Incoming Request: {"type":"2","message":"id:c2ec39524c8b4020b094de8ece5c7ef924861061 sub:001 dlvrd:001 submit date:2505151403 done date:2505151444 stat:EXPIRED err:220 text:Hello%20Peter,%20you","time":"2025-05-15 13:44:02","charset":"UTF-8","kannel_id":"db9beaf2-e089-4167-ab45-1a2f8433a887","userref":"ubabulk1","phone":"2349159403602","sender":"UBA","id":"db9beaf2-e089-4167-ab45-1a2f8433a887","report":"9223372036854775807","messages":"-1","smsID":"6825edeb3cb7a"}
2025-05-15 13:44:03 - Parsed DLR for smsID 6825edeb3cb7a: {"id":"c2ec39524c8b4020b094de8ece5c7ef924861061","sub":"001","dlvrd":"001","submit":"","submitDate":"2025-05-15 14:03","done":"","doneDate":"2025-05-15 14:44","stat":"EXPIRED","err":"220","text":"Hello%20Peter,%20you"}
2025-05-15 13:44:03 - Error fetching created_at for ID 6825edeb3cb7a: 
2025-05-15 13:44:03 - Incoming Request: {"type":"2","message":"id:3c367b111f2c4945925e04e025ac5dd8c39c7dc8 sub:001 dlvrd:001 submit date:2505151403 done date:2505151444 stat:EXPIRED err:220 text:Hello%20Peter,%20you","time":"2025-05-15 13:44:03","charset":"UTF-8","kannel_id":"ef4dde54-074a-4b0e-ba5e-78902c7cce5c","userref":"ubabulk1","phone":"2347065386159","sender":"UBA","id":"ef4dde54-074a-4b0e-ba5e-78902c7cce5c","report":"9223372036854775807","messages":"-1","smsID":"6825edeb3c14d"}
2025-05-15 13:44:03 - Parsed DLR for smsID 6825edeb3c14d: {"id":"3c367b111f2c4945925e04e025ac5dd8c39c7dc8","sub":"001","dlvrd":"001","submit":"","submitDate":"2025-05-15 14:03","done":"","doneDate":"2025-05-15 14:44","stat":"EXPIRED","err":"220","text":"Hello%20Peter,%20you"}
2025-05-15 13:44:03 - Error fetching created_at for ID 6825edeb3c14d: 
2025-05-15 14:16:47 - Incoming Request: {"type":"2","message":"id:e5481bf04f3d467ca4e19863b2c3366e69a42b90 sub:001 dlvrd:001 submit date:2505151436 done date:2505151516 stat:EXPIRED err:220 text:Hello%20Peter,%20you","time":"2025-05-15 14:16:47","charset":"UTF-8","kannel_id":"27e3963a-5b05-4c4c-92ba-b23d89357759","userref":"ubabulk1","phone":"2348032039973","sender":"UBA","id":"27e3963a-5b05-4c4c-92ba-b23d89357759","report":"9223372036854775807","messages":"-1","smsID":"6825edeb3d3b2"}
2025-05-15 14:16:47 - Parsed DLR for smsID 6825edeb3d3b2: {"id":"e5481bf04f3d467ca4e19863b2c3366e69a42b90","sub":"001","dlvrd":"001","submit":"","submitDate":"2025-05-15 14:36","done":"","doneDate":"2025-05-15 15:16","stat":"EXPIRED","err":"220","text":"Hello%20Peter,%20you"}
2025-05-15 14:16:47 - Error fetching created_at for ID 6825edeb3d3b2: 
2025-05-15 14:16:48 - Incoming Request: {"type":"2","message":"id:9923320c02e44bc2be88a2aca78bad611e66ea4a sub:001 dlvrd:001 submit date:2505151436 done date:2505151516 stat:EXPIRED err:220 text:Hello%20Peter,%20you","time":"2025-05-15 14:16:48","charset":"UTF-8","kannel_id":"5c3eccc2-3d3b-43d7-bf60-3ef65dfe1bf2","userref":"ubabulk1","phone":"2348032039973","sender":"UBA","id":"5c3eccc2-3d3b-43d7-bf60-3ef65dfe1bf2","report":"9223372036854775807","messages":"-1","smsID":"6825edeb3d3b2"}
2025-05-15 14:16:48 - Parsed DLR for smsID 6825edeb3d3b2: {"id":"9923320c02e44bc2be88a2aca78bad611e66ea4a","sub":"001","dlvrd":"001","submit":"","submitDate":"2025-05-15 14:36","done":"","doneDate":"2025-05-15 15:16","stat":"EXPIRED","err":"220","text":"Hello%20Peter,%20you"}
2025-05-15 14:16:48 - Error fetching created_at for ID 6825edeb3d3b2: 
2025-05-15 14:35:11 - Incoming Request: {"type":"8","message":"ACK\/","time":"2025-05-15 14:35:11","charset":"UTF-8","kannel_id":"a7e916d8-45f9-495d-b159-f880414416d3","userref":"","phone":"2347065386159","sender":"UBA","id":"a7e916d8-45f9-495d-b159-f880414416d3","report":"9223372036854775807","messages":"-1","smsID":"6825fb9c870ba"}
2025-05-15 14:35:11 - Type 8 received for smsID 6825fb9c870ba, ignoring as per business rule.
2025-05-15 14:35:11 - Incoming Request: {"type":"8","message":"ACK\/","time":"2025-05-15 14:35:11","charset":"UTF-8","kannel_id":"aa0b7ff3-cc27-4ff4-bd7a-f1d4b1032aae","userref":"","phone":"2347065386159","sender":"UBA","id":"aa0b7ff3-cc27-4ff4-bd7a-f1d4b1032aae","report":"9223372036854775807","messages":"-1","smsID":"6825fb9c870ba"}
2025-05-15 14:35:11 - Type 8 received for smsID 6825fb9c870ba, ignoring as per business rule.
2025-05-15 14:35:11 - Incoming Request: {"type":"8","message":"ACK\/","time":"2025-05-15 14:35:11","charset":"UTF-8","kannel_id":"f0406c7b-dd58-44d8-96c4-f96a97804c1d","userref":"","phone":"2347030091110","sender":"UBA","id":"f0406c7b-dd58-44d8-96c4-f96a97804c1d","report":"9223372036854775807","messages":"-1","smsID":"6825fb9c8663c"}
2025-05-15 14:35:11 - Type 8 received for smsID 6825fb9c8663c, ignoring as per business rule.
2025-05-15 14:35:12 - Incoming Request: {"type":"8","message":"ACK\/","time":"2025-05-15 14:35:11","charset":"UTF-8","kannel_id":"5502239a-1e0e-48b2-80f3-cf5acb5671f2","userref":"","phone":"2348022222124","sender":"UBA","id":"5502239a-1e0e-48b2-80f3-cf5acb5671f2","report":"9223372036854775807","messages":"-1","smsID":"6825fb9c881a4"}
2025-05-15 14:35:12 - Type 8 received for smsID 6825fb9c881a4, ignoring as per business rule.
2025-05-15 14:35:12 - Incoming Request: {"type":"8","message":"ACK\/","time":"2025-05-15 14:35:12","charset":"UTF-8","kannel_id":"fd509e4b-3763-4a9a-a148-5a305a9e220d","userref":"","phone":"2349159403602","sender":"UBA","id":"fd509e4b-3763-4a9a-a148-5a305a9e220d","report":"9223372036854775807","messages":"-1","smsID":"6825fb9c8aea7"}
2025-05-15 14:35:12 - Type 8 received for smsID 6825fb9c8aea7, ignoring as per business rule.
2025-05-15 14:35:12 - Incoming Request: {"type":"8","message":"ACK\/","time":"2025-05-15 14:35:12","charset":"UTF-8","kannel_id":"dcd46236-0b78-4950-858d-c1fdb03d5ee1","userref":"","phone":"2349159403602","sender":"UBA","id":"dcd46236-0b78-4950-858d-c1fdb03d5ee1","report":"9223372036854775807","messages":"-1","smsID":"6825fb9c8aea7"}
2025-05-15 14:35:12 - Type 8 received for smsID 6825fb9c8aea7, ignoring as per business rule.
2025-05-15 14:35:12 - Incoming Request: {"type":"8","message":"ACK\/","time":"2025-05-15 14:35:12","charset":"UTF-8","kannel_id":"26a2e357-8c9f-4f0c-875f-73f0fa6b2262","userref":"","phone":"2348032039973","sender":"UBA","id":"26a2e357-8c9f-4f0c-875f-73f0fa6b2262","report":"9223372036854775807","messages":"-1","smsID":"6825fb9c8970c"}
2025-05-15 14:35:12 - Type 8 received for smsID 6825fb9c8970c, ignoring as per business rule.
2025-05-15 14:35:12 - Incoming Request: {"type":"8","message":"ACK\/","time":"2025-05-15 14:35:11","charset":"UTF-8","kannel_id":"819db5d3-e2cc-4f1d-b9ca-5ec7470cf58a","userref":"","phone":"2347030091110","sender":"UBA","id":"819db5d3-e2cc-4f1d-b9ca-5ec7470cf58a","report":"9223372036854775807","messages":"-1","smsID":"6825fb9c8663c"}
2025-05-15 14:35:12 - Type 8 received for smsID 6825fb9c8663c, ignoring as per business rule.
2025-05-15 14:35:12 - Incoming Request: {"type":"8","message":"ACK\/","time":"2025-05-15 14:35:12","charset":"UTF-8","kannel_id":"8234987e-164b-4836-b379-d81c6c1ca272","userref":"","phone":"2348060079090","sender":"UBA","id":"8234987e-164b-4836-b379-d81c6c1ca272","report":"9223372036854775807","messages":"-1","smsID":"6825fb9c89e92"}
2025-05-15 14:35:12 - Type 8 received for smsID 6825fb9c89e92, ignoring as per business rule.
2025-05-15 14:35:12 - Incoming Request: {"type":"8","message":"ACK\/","time":"2025-05-15 14:35:11","charset":"UTF-8","kannel_id":"29078211-e17a-4c6b-a37f-8c166fd76059","userref":"","phone":"2348022222124","sender":"UBA","id":"29078211-e17a-4c6b-a37f-8c166fd76059","report":"9223372036854775807","messages":"-1","smsID":"6825fb9c881a4"}
2025-05-15 14:35:12 - Type 8 received for smsID 6825fb9c881a4, ignoring as per business rule.
2025-05-15 14:35:12 - Incoming Request: {"type":"8","message":"ACK\/","time":"2025-05-15 14:35:12","charset":"UTF-8","kannel_id":"0d5aac80-6e6a-4029-89e0-95a367deb872","userref":"","phone":"2348143047851","sender":"UBA","id":"0d5aac80-6e6a-4029-89e0-95a367deb872","report":"9223372036854775807","messages":"-1","smsID":"6825fb9c8a755"}
2025-05-15 14:35:12 - Type 8 received for smsID 6825fb9c8a755, ignoring as per business rule.
2025-05-15 14:35:12 - Incoming Request: {"type":"1","message":"id:252daf4c74684ba7a3a09b9f6c4dc0beb64c958a sub:001 dlvrd:000 submit date:2505151535 done date:2505151535 stat:DELIVRD err:000 text:","time":"2025-05-15 14:35:12","charset":"UTF-8","kannel_id":"bfa23260-74f4-410c-91a8-9e2d5e3567ac","userref":"ubabulk1","phone":"2347065386159","sender":"UBA","id":"bfa23260-74f4-410c-91a8-9e2d5e3567ac","report":"9223372036854775807","messages":"-1","smsID":"6825fb9c870ba"}
2025-05-15 14:35:12 - Parsed DLR for smsID 6825fb9c870ba: {"id":"252daf4c74684ba7a3a09b9f6c4dc0beb64c958a","sub":"001","dlvrd":"000","submit":"","submitDate":"2025-05-15 15:35","done":"","doneDate":"2025-05-15 15:35","stat":"DELIVRD","err":"000","text":""}
2025-05-15 14:35:12 - Fetched created_at for smsID 6825fb9c870ba: 2025-05-15 14:35:10, using doneDate: 2025-05-15 14:35:22
2025-05-15 14:35:12 - Successfully updated smsID 6825fb9c870ba with status: DELIVRD, errorCode: 000, operator: MTN
2025-05-15 14:35:12 - Incoming Request: {"type":"8","message":"ACK\/","time":"2025-05-15 14:35:12","charset":"UTF-8","kannel_id":"4057afe3-8bd7-4b94-9c02-b0b6f4fa6f08","userref":"","phone":"2348032039973","sender":"UBA","id":"4057afe3-8bd7-4b94-9c02-b0b6f4fa6f08","report":"9223372036854775807","messages":"-1","smsID":"6825fb9c8970c"}
2025-05-15 14:35:12 - Type 8 received for smsID 6825fb9c8970c, ignoring as per business rule.
2025-05-15 14:35:12 - Incoming Request: {"type":"1","message":"id:be109a9ea8bb4bd6bcfcee420237f92b907dd856 sub:001 dlvrd:000 submit date:2505151535 done date:2505151535 stat:DELIVRD err:000 text:","time":"2025-05-15 14:35:12","charset":"UTF-8","kannel_id":"fa66f131-369b-4c88-8555-785464fe48bd","userref":"ubabulk1","phone":"2347065386159","sender":"UBA","id":"fa66f131-369b-4c88-8555-785464fe48bd","report":"9223372036854775807","messages":"-1","smsID":"6825fb9c870ba"}
2025-05-15 14:35:12 - Parsed DLR for smsID 6825fb9c870ba: {"id":"be109a9ea8bb4bd6bcfcee420237f92b907dd856","sub":"001","dlvrd":"000","submit":"","submitDate":"2025-05-15 15:35","done":"","doneDate":"2025-05-15 15:35","stat":"DELIVRD","err":"000","text":""}
2025-05-15 14:35:12 - Fetched created_at for smsID 6825fb9c870ba: 2025-05-15 14:35:10, using doneDate: 2025-05-15 14:35:37
2025-05-15 14:35:12 - Successfully updated smsID 6825fb9c870ba with status: DELIVRD, errorCode: 000, operator: MTN
2025-05-15 14:35:13 - Incoming Request: {"type":"8","message":"ACK\/","time":"2025-05-15 14:35:12","charset":"UTF-8","kannel_id":"78d77328-fd67-4bab-a5ea-8c1afd4a70b2","userref":"","phone":"2348143047851","sender":"UBA","id":"78d77328-fd67-4bab-a5ea-8c1afd4a70b2","report":"9223372036854775807","messages":"-1","smsID":"6825fb9c8a755"}
2025-05-15 14:35:13 - Type 8 received for smsID 6825fb9c8a755, ignoring as per business rule.
2025-05-15 14:35:13 - Incoming Request: {"type":"8","message":"ACK\/","time":"2025-05-15 14:35:12","charset":"UTF-8","kannel_id":"cc7893ea-67bd-4706-bab2-233e79aa7bc0","userref":"","phone":"2348060079090","sender":"UBA","id":"cc7893ea-67bd-4706-bab2-233e79aa7bc0","report":"9223372036854775807","messages":"-1","smsID":"6825fb9c89e92"}
2025-05-15 14:35:13 - Type 8 received for smsID 6825fb9c89e92, ignoring as per business rule.
2025-05-15 14:35:13 - Incoming Request: {"type":"1","message":"id:f811eecc8be6467a880004d5fd52a7a223b29276 sub:001 dlvrd:000 submit date:2505151535 done date:2505151535 stat:DELIVRD err:000 text:","time":"2025-05-15 14:35:13","charset":"UTF-8","kannel_id":"5045a02a-6c12-41ac-a4b3-a86b500359d3","userref":"ubabulk1","phone":"2347030091110","sender":"UBA","id":"5045a02a-6c12-41ac-a4b3-a86b500359d3","report":"9223372036854775807","messages":"-1","smsID":"6825fb9c8663c"}
2025-05-15 14:35:13 - Parsed DLR for smsID 6825fb9c8663c: {"id":"f811eecc8be6467a880004d5fd52a7a223b29276","sub":"001","dlvrd":"000","submit":"","submitDate":"2025-05-15 15:35","done":"","doneDate":"2025-05-15 15:35","stat":"DELIVRD","err":"000","text":""}
2025-05-15 14:35:13 - Fetched created_at for smsID 6825fb9c8663c: 2025-05-15 14:35:11, using doneDate: 2025-05-15 14:36:06
2025-05-15 14:35:13 - Successfully updated smsID 6825fb9c8663c with status: DELIVRD, errorCode: 000, operator: MTN
2025-05-15 14:35:13 - Incoming Request: {"type":"1","message":"id:c61c74a5e3fa4174bb72e993795e34d12ef52469 sub:001 dlvrd:000 submit date:2505151535 done date:2505151535 stat:DELIVRD err:000 text:","time":"2025-05-15 14:35:13","charset":"UTF-8","kannel_id":"5b29bb53-0b7b-4793-84d8-7a6d6b7a6a0b","userref":"ubabulk1","phone":"2348022222124","sender":"UBA","id":"5b29bb53-0b7b-4793-84d8-7a6d6b7a6a0b","report":"9223372036854775807","messages":"-1","smsID":"6825fb9c881a4"}
2025-05-15 14:35:13 - Parsed DLR for smsID 6825fb9c881a4: {"id":"c61c74a5e3fa4174bb72e993795e34d12ef52469","sub":"001","dlvrd":"000","submit":"","submitDate":"2025-05-15 15:35","done":"","doneDate":"2025-05-15 15:35","stat":"DELIVRD","err":"000","text":""}
2025-05-15 14:35:13 - Fetched created_at for smsID 6825fb9c881a4: 2025-05-15 14:35:11, using doneDate: 2025-05-15 14:35:22
2025-05-15 14:35:13 - Successfully updated smsID 6825fb9c881a4 with status: DELIVRD, errorCode: 000, operator: Airtel
2025-05-15 14:35:13 - Incoming Request: {"type":"1","message":"id:9b0e8d547d8247e3a86baa2dbd82666682b2fc76 sub:001 dlvrd:000 submit date:2505151535 done date:2505151535 stat:DELIVRD err:000 text:","time":"2025-05-15 14:35:13","charset":"UTF-8","kannel_id":"619b0c21-d89a-41ec-a1ca-75d323fad5b6","userref":"ubabulk1","phone":"2347030091110","sender":"UBA","id":"619b0c21-d89a-41ec-a1ca-75d323fad5b6","report":"9223372036854775807","messages":"-1","smsID":"6825fb9c8663c"}
2025-05-15 14:35:13 - Parsed DLR for smsID 6825fb9c8663c: {"id":"9b0e8d547d8247e3a86baa2dbd82666682b2fc76","sub":"001","dlvrd":"000","submit":"","submitDate":"2025-05-15 15:35","done":"","doneDate":"2025-05-15 15:35","stat":"DELIVRD","err":"000","text":""}
2025-05-15 14:35:13 - Fetched created_at for smsID 6825fb9c8663c: 2025-05-15 14:35:11, using doneDate: 2025-05-15 14:35:16
2025-05-15 14:35:13 - Successfully updated smsID 6825fb9c8663c with status: DELIVRD, errorCode: 000, operator: MTN
2025-05-15 14:35:13 - Incoming Request: {"type":"1","message":"id:fd69357c31324a6abc4d1149486de98b649e3c31 sub:001 dlvrd:000 submit date:2505151535 done date:2505151535 stat:DELIVRD err:000 text:","time":"2025-05-15 14:35:13","charset":"UTF-8","kannel_id":"299c4e5e-6d38-4a01-a055-2165825274ae","userref":"ubabulk1","phone":"2348022222124","sender":"UBA","id":"299c4e5e-6d38-4a01-a055-2165825274ae","report":"9223372036854775807","messages":"-1","smsID":"6825fb9c881a4"}
2025-05-15 14:35:13 - Parsed DLR for smsID 6825fb9c881a4: {"id":"fd69357c31324a6abc4d1149486de98b649e3c31","sub":"001","dlvrd":"000","submit":"","submitDate":"2025-05-15 15:35","done":"","doneDate":"2025-05-15 15:35","stat":"DELIVRD","err":"000","text":""}
2025-05-15 14:35:13 - Fetched created_at for smsID 6825fb9c881a4: 2025-05-15 14:35:11, using doneDate: 2025-05-15 14:35:33
2025-05-15 14:35:13 - Successfully updated smsID 6825fb9c881a4 with status: DELIVRD, errorCode: 000, operator: Airtel
2025-05-15 14:35:13 - Incoming Request: {"type":"1","message":"id:98919201697e4aeea06d47c2cac2839e4ecb82aa sub:001 dlvrd:000 submit date:2505151535 done date:2505151535 stat:DELIVRD err:000 text:","time":"2025-05-15 14:35:13","charset":"UTF-8","kannel_id":"be55fe54-7750-45e9-b76c-83f6e9749b54","userref":"ubabulk1","phone":"2349159403602","sender":"UBA","id":"be55fe54-7750-45e9-b76c-83f6e9749b54","report":"9223372036854775807","messages":"-1","smsID":"6825fb9c8aea7"}
2025-05-15 14:35:13 - Parsed DLR for smsID 6825fb9c8aea7: {"id":"98919201697e4aeea06d47c2cac2839e4ecb82aa","sub":"001","dlvrd":"000","submit":"","submitDate":"2025-05-15 15:35","done":"","doneDate":"2025-05-15 15:35","stat":"DELIVRD","err":"000","text":""}
2025-05-15 14:35:13 - Fetched created_at for smsID 6825fb9c8aea7: 2025-05-15 14:35:12, using doneDate: 2025-05-15 14:35:52
2025-05-15 14:35:13 - Successfully updated smsID 6825fb9c8aea7 with status: DELIVRD, errorCode: 000, operator: Unknown
2025-05-15 14:35:13 - Incoming Request: {"type":"1","message":"id:f9d23aec51d84b299b7ef94ac7a513f60e95b9e0 sub:001 dlvrd:001 submit date:2505151535 done date:2505151535 stat:DELIVRD err:000 text:welcome","time":"2025-05-15 14:35:13","charset":"UTF-8","kannel_id":"7993ab9b-d4f5-499e-aae0-9700c6dcf076","userref":"ubabulk1","phone":"2348032039973","sender":"UBA","id":"7993ab9b-d4f5-499e-aae0-9700c6dcf076","report":"9223372036854775807","messages":"-1","smsID":"6825fb9c8970c"}
2025-05-15 14:35:13 - Parsed DLR for smsID 6825fb9c8970c: {"id":"f9d23aec51d84b299b7ef94ac7a513f60e95b9e0","sub":"001","dlvrd":"001","submit":"","submitDate":"2025-05-15 15:35","done":"","doneDate":"2025-05-15 15:35","stat":"DELIVRD","err":"000","text":"welcome"}
2025-05-15 14:35:13 - Fetched created_at for smsID 6825fb9c8970c: 2025-05-15 14:35:11, using doneDate: 2025-05-15 14:36:01
2025-05-15 14:35:13 - Successfully updated smsID 6825fb9c8970c with status: DELIVRD, errorCode: 000, operator: MTN
2025-05-15 14:35:14 - Incoming Request: {"type":"1","message":"id:fa6c29b25e2d4c98b5f12adcc33bc1c3199713fe sub:000 dlvrd:000 submit date:2505151535 done date:2505151535 stat:DELIVRD err:000 text:","time":"2025-05-15 14:35:14","charset":"UTF-8","kannel_id":"b0ff2525-d05e-4ec3-bcb6-82d47a979163","userref":"ubabulk1","phone":"2349159403602","sender":"UBA","id":"b0ff2525-d05e-4ec3-bcb6-82d47a979163","report":"9223372036854775807","messages":"-1","smsID":"6825fb9c8aea7"}
2025-05-15 14:35:14 - Parsed DLR for smsID 6825fb9c8aea7: {"id":"fa6c29b25e2d4c98b5f12adcc33bc1c3199713fe","sub":"000","dlvrd":"000","submit":"","submitDate":"2025-05-15 15:35","done":"","doneDate":"2025-05-15 15:35","stat":"DELIVRD","err":"000","text":""}
2025-05-15 14:35:14 - Fetched created_at for smsID 6825fb9c8aea7: 2025-05-15 14:35:12, using doneDate: 2025-05-15 14:35:55
2025-05-15 14:35:14 - Successfully updated smsID 6825fb9c8aea7 with status: DELIVRD, errorCode: 000, operator: Unknown
2025-05-15 14:35:14 - Incoming Request: {"type":"1","message":"id:88ff67cf3dc34aea967f675cfa950c29044ba14d sub:001 dlvrd:001 submit date:2505151535 done date:2505151535 stat:DELIVRD err:000 text:welcome","time":"2025-05-15 14:35:14","charset":"UTF-8","kannel_id":"1090ee8d-3990-4e17-bcf4-cf22cbf8d6d5","userref":"ubabulk1","phone":"2348032039973","sender":"UBA","id":"1090ee8d-3990-4e17-bcf4-cf22cbf8d6d5","report":"9223372036854775807","messages":"-1","smsID":"6825fb9c8970c"}
2025-05-15 14:35:14 - Parsed DLR for smsID 6825fb9c8970c: {"id":"88ff67cf3dc34aea967f675cfa950c29044ba14d","sub":"001","dlvrd":"001","submit":"","submitDate":"2025-05-15 15:35","done":"","doneDate":"2025-05-15 15:35","stat":"DELIVRD","err":"000","text":"welcome"}
2025-05-15 14:35:14 - Fetched created_at for smsID 6825fb9c8970c: 2025-05-15 14:35:11, using doneDate: 2025-05-15 14:36:08
2025-05-15 14:35:14 - Successfully updated smsID 6825fb9c8970c with status: DELIVRD, errorCode: 000, operator: MTN
2025-05-15 14:35:30 - Incoming Request: {"type":"1","message":"id:3376a3ad412d448eb6a354fa396b9aaea4197c0c sub:000 dlvrd:000 submit date:2505151535 done date:2505151535 stat:DELIVRD err:000 text:","time":"2025-05-15 14:35:30","charset":"UTF-8","kannel_id":"dbefd18a-d781-47d2-8867-464b63ce481d","userref":"ubabulk1","phone":"2348143047851","sender":"UBA","id":"dbefd18a-d781-47d2-8867-464b63ce481d","report":"9223372036854775807","messages":"-1","smsID":"6825fb9c8a755"}
2025-05-15 14:35:30 - Parsed DLR for smsID 6825fb9c8a755: {"id":"3376a3ad412d448eb6a354fa396b9aaea4197c0c","sub":"000","dlvrd":"000","submit":"","submitDate":"2025-05-15 15:35","done":"","doneDate":"2025-05-15 15:35","stat":"DELIVRD","err":"000","text":""}
2025-05-15 14:35:30 - Fetched created_at for smsID 6825fb9c8a755: 2025-05-15 14:35:12, using doneDate: 2025-05-15 14:35:17
2025-05-15 14:35:30 - Successfully updated smsID 6825fb9c8a755 with status: DELIVRD, errorCode: 000, operator: MTN
2025-05-15 14:40:58 - Incoming Request: {"type":"1","message":"id:7718eaab76a6476bbfc1319f22d47cfa7b4da39f sub:001 dlvrd:000 submit date:2505151535 done date:2505151540 stat:DELIVRD err:000 text:","time":"2025-05-15 14:40:57","charset":"UTF-8","kannel_id":"fc2b5d72-47d0-4046-96d9-8f25a6729ab4","userref":"ubabulk1","phone":"2348060079090","sender":"UBA","id":"fc2b5d72-47d0-4046-96d9-8f25a6729ab4","report":"9223372036854775807","messages":"-1","smsID":"6825fb9c89e92"}
2025-05-15 14:40:58 - Parsed DLR for smsID 6825fb9c89e92: {"id":"7718eaab76a6476bbfc1319f22d47cfa7b4da39f","sub":"001","dlvrd":"000","submit":"","submitDate":"2025-05-15 15:35","done":"","doneDate":"2025-05-15 15:40","stat":"DELIVRD","err":"000","text":""}
2025-05-15 14:40:58 - Fetched created_at for smsID 6825fb9c89e92: 2025-05-15 14:35:12, using doneDate: 2025-05-15 14:35:47
2025-05-15 14:40:58 - Successfully updated smsID 6825fb9c89e92 with status: DELIVRD, errorCode: 000, operator: MTN
2025-05-15 15:15:15 - Incoming Request: {"type":"2","message":"id:d077f6d9abc748bc9e0e2c70984ac3261153b7c5 sub:001 dlvrd:001 submit date:2505151535 done date:2505151615 stat:EXPIRED err:220 text:welcome","time":"2025-05-15 15:15:14","charset":"UTF-8","kannel_id":"dcb6823b-8c05-4285-9aed-ae0073a7b92e","userref":"ubabulk1","phone":"2348060079090","sender":"UBA","id":"dcb6823b-8c05-4285-9aed-ae0073a7b92e","report":"9223372036854775807","messages":"-1","smsID":"6825fb9c89e92"}
2025-05-15 15:15:15 - Parsed DLR for smsID 6825fb9c89e92: {"id":"d077f6d9abc748bc9e0e2c70984ac3261153b7c5","sub":"001","dlvrd":"001","submit":"","submitDate":"2025-05-15 15:35","done":"","doneDate":"2025-05-15 16:15","stat":"EXPIRED","err":"220","text":"welcome"}
2025-05-15 15:15:15 - Fetched created_at for smsID 6825fb9c89e92: 2025-05-15 14:35:12, using doneDate: 2025-05-15 14:35:36
2025-05-15 15:15:15 - Successfully updated smsID 6825fb9c89e92 with status: EXPIRED, errorCode: 220, operator: MTN
2025-05-15 15:15:15 - Incoming Request: {"type":"2","message":"id:58e2ac87980346ada44c55f67e782d06f425d096 sub:001 dlvrd:001 submit date:2505151535 done date:2505151615 stat:EXPIRED err:220 text:welcome","time":"2025-05-15 15:15:14","charset":"UTF-8","kannel_id":"b16c2566-0631-481b-a792-b900312329d8","userref":"ubabulk1","phone":"2348143047851","sender":"UBA","id":"b16c2566-0631-481b-a792-b900312329d8","report":"9223372036854775807","messages":"-1","smsID":"6825fb9c8a755"}
2025-05-15 15:15:15 - Parsed DLR for smsID 6825fb9c8a755: {"id":"58e2ac87980346ada44c55f67e782d06f425d096","sub":"001","dlvrd":"001","submit":"","submitDate":"2025-05-15 15:35","done":"","doneDate":"2025-05-15 16:15","stat":"EXPIRED","err":"220","text":"welcome"}
2025-05-15 15:15:15 - Fetched created_at for smsID 6825fb9c8a755: 2025-05-15 14:35:12, using doneDate: 2025-05-15 14:35:21
2025-05-15 15:15:15 - Successfully updated smsID 6825fb9c8a755 with status: EXPIRED, errorCode: 220, operator: MTN
