Access denied: Missing token. | 2025-05-14 08:16:17
<=============================================>
Access denied: Missing token. | 2025-05-14 08:16:17
<=============================================>
eyJ0eXAiOiJKV1QiLCJhbGciOiJIUzI1NiJ9.eyJpZCI6IjMiLCJlbWFpbCI6ImFsaWNlQGV4YW1wbGUuY29tIiwicm9sZSI6ImFkbWluIiwiaWF0IjoxNzQ3MTU5NDM4LCJleHAiOjE3NDcxNjMwMzh9.jnALqLjkXI9nWkVz42ME7yZL8Gr4xouu7D8kQYjc-pQ | 2025-05-14 08:16:17
<=============================================>
null | 2025-05-14 08:16:17
<=============================================>
Token decoded. User ID: , Role:  | 2025-05-14 08:16:17
<=============================================>
Invalid token payload. userId or role missing. | 2025-05-14 08:16:17
<=============================================>
eyJ0eXAiOiJKV1QiLCJhbGciOiJIUzI1NiJ9.eyJpZCI6IjMiLCJlbWFpbCI6ImFsaWNlQGV4YW1wbGUuY29tIiwicm9sZSI6ImFkbWluIiwiaWF0IjoxNzQ3MTU5NDM4LCJleHAiOjE3NDcxNjMwMzh9.jnALqLjkXI9nWkVz42ME7yZL8Gr4xouu7D8kQYjc-pQ | 2025-05-14 08:16:17
<=============================================>
null | 2025-05-14 08:16:17
<=============================================>
Token decoded. User ID: , Role:  | 2025-05-14 08:16:17
<=============================================>
Invalid token payload. userId or role missing. | 2025-05-14 08:16:17
<=============================================>
Access denied: Missing token. | 2025-05-14 08:46:19
<=============================================>
Access denied: Missing token. | 2025-05-14 08:46:19
<=============================================>
eyJ0eXAiOiJKV1QiLCJhbGciOiJIUzI1NiJ9.eyJpZCI6IjMiLCJlbWFpbCI6ImFsaWNlQGV4YW1wbGUuY29tIiwicm9sZSI6ImFkbWluIiwiaWF0IjoxNzQ3MTU5NDM4LCJleHAiOjE3NDcxNjMwMzh9.jnALqLjkXI9nWkVz42ME7yZL8Gr4xouu7D8kQYjc-pQ | 2025-05-14 08:46:19
<=============================================>
null | 2025-05-14 08:46:19
<=============================================>
Token decoded. User ID: , Role:  | 2025-05-14 08:46:19
<=============================================>
Invalid token payload. userId or role missing. | 2025-05-14 08:46:19
<=============================================>
eyJ0eXAiOiJKV1QiLCJhbGciOiJIUzI1NiJ9.eyJpZCI6IjMiLCJlbWFpbCI6ImFsaWNlQGV4YW1wbGUuY29tIiwicm9sZSI6ImFkbWluIiwiaWF0IjoxNzQ3MTU5NDM4LCJleHAiOjE3NDcxNjMwMzh9.jnALqLjkXI9nWkVz42ME7yZL8Gr4xouu7D8kQYjc-pQ | 2025-05-14 08:46:19
<=============================================>
null | 2025-05-14 08:46:19
<=============================================>
Token decoded. User ID: , Role:  | 2025-05-14 08:46:19
<=============================================>
Invalid token payload. userId or role missing. | 2025-05-14 08:46:19
<=============================================>
eyJ0eXAiOiJKV1QiLCJhbGciOiJIUzI1NiJ9.eyJpZCI6IjMiLCJlbWFpbCI6ImFsaWNlQGV4YW1wbGUuY29tIiwicm9sZSI6ImFkbWluIiwiaWF0IjoxNzQ3MTU5NDM4LCJleHAiOjE3NDcxNjMwMzh9.jnALqLjkXI9nWkVz42ME7yZL8Gr4xouu7D8kQYjc-pQ | 2025-05-14 08:46:21
<=============================================>
null | 2025-05-14 08:46:21
<=============================================>
Token decoded. User ID: , Role:  | 2025-05-14 08:46:21
<=============================================>
Invalid token payload. userId or role missing. | 2025-05-14 08:46:21
<=============================================>
eyJ0eXAiOiJKV1QiLCJhbGciOiJIUzI1NiJ9.eyJpZCI6IjMiLCJlbWFpbCI6ImFsaWNlQGV4YW1wbGUuY29tIiwicm9sZSI6ImFkbWluIiwiaWF0IjoxNzQ3MTU5NDM4LCJleHAiOjE3NDcxNjMwMzh9.jnALqLjkXI9nWkVz42ME7yZL8Gr4xouu7D8kQYjc-pQ | 2025-05-14 08:46:21
<=============================================>
null | 2025-05-14 08:46:21
<=============================================>
Token decoded. User ID: , Role:  | 2025-05-14 08:46:21
<=============================================>
Invalid token payload. userId or role missing. | 2025-05-14 08:46:21
<=============================================>
Access denied: Missing token. | 2025-05-14 08:54:36
<=============================================>
Access denied: Missing token. | 2025-05-14 08:54:36
<=============================================>
eyJ0eXAiOiJKV1QiLCJhbGciOiJIUzI1NiJ9.eyJpZCI6IjMiLCJlbWFpbCI6ImFsaWNlQGV4YW1wbGUuY29tIiwicm9sZSI6ImFkbWluIiwiaWF0IjoxNzQ3MTU5NDM4LCJleHAiOjE3NDcxNjMwMzh9.jnALqLjkXI9nWkVz42ME7yZL8Gr4xouu7D8kQYjc-pQ | 2025-05-14 08:54:36
<=============================================>
null | 2025-05-14 08:54:36
<=============================================>
Token decoded. User ID: , Role:  | 2025-05-14 08:54:36
<=============================================>
Invalid token payload. userId or role missing. | 2025-05-14 08:54:36
<=============================================>
eyJ0eXAiOiJKV1QiLCJhbGciOiJIUzI1NiJ9.eyJpZCI6IjMiLCJlbWFpbCI6ImFsaWNlQGV4YW1wbGUuY29tIiwicm9sZSI6ImFkbWluIiwiaWF0IjoxNzQ3MTU5NDM4LCJleHAiOjE3NDcxNjMwMzh9.jnALqLjkXI9nWkVz42ME7yZL8Gr4xouu7D8kQYjc-pQ | 2025-05-14 08:54:36
<=============================================>
null | 2025-05-14 08:54:36
<=============================================>
Token decoded. User ID: , Role:  | 2025-05-14 08:54:36
<=============================================>
Invalid token payload. userId or role missing. | 2025-05-14 08:54:36
<=============================================>
eyJ0eXAiOiJKV1QiLCJhbGciOiJIUzI1NiJ9.eyJpZCI6IjMiLCJlbWFpbCI6ImFsaWNlQGV4YW1wbGUuY29tIiwicm9sZSI6ImFkbWluIiwiaWF0IjoxNzQ3MTU5NDM4LCJleHAiOjE3NDcxNjMwMzh9.jnALqLjkXI9nWkVz42ME7yZL8Gr4xouu7D8kQYjc-pQ | 2025-05-14 08:54:38
<=============================================>
null | 2025-05-14 08:54:38
<=============================================>
Token decoded. User ID: , Role:  | 2025-05-14 08:54:38
<=============================================>
Invalid token payload. userId or role missing. | 2025-05-14 08:54:38
<=============================================>
eyJ0eXAiOiJKV1QiLCJhbGciOiJIUzI1NiJ9.eyJpZCI6IjMiLCJlbWFpbCI6ImFsaWNlQGV4YW1wbGUuY29tIiwicm9sZSI6ImFkbWluIiwiaWF0IjoxNzQ3MTU5NDM4LCJleHAiOjE3NDcxNjMwMzh9.jnALqLjkXI9nWkVz42ME7yZL8Gr4xouu7D8kQYjc-pQ | 2025-05-14 08:54:38
<=============================================>
null | 2025-05-14 08:54:38
<=============================================>
Token decoded. User ID: , Role:  | 2025-05-14 08:54:38
<=============================================>
Invalid token payload. userId or role missing. | 2025-05-14 08:54:38
<=============================================>
Access denied: Missing token. | 2025-05-14 08:55:59
<=============================================>
Access denied: Missing token. | 2025-05-14 08:55:59
<=============================================>
eyJ0eXAiOiJKV1QiLCJhbGciOiJIUzI1NiJ9.eyJpZCI6IjMiLCJlbWFpbCI6ImFsaWNlQGV4YW1wbGUuY29tIiwicm9sZSI6ImFkbWluIiwiaWF0IjoxNzQ3MTU5NDM4LCJleHAiOjE3NDcxNjMwMzh9.jnALqLjkXI9nWkVz42ME7yZL8Gr4xouu7D8kQYjc-pQ | 2025-05-14 08:55:59
<=============================================>
null | 2025-05-14 08:55:59
<=============================================>
Token decoded. User ID: , Role:  | 2025-05-14 08:55:59
<=============================================>
Invalid token payload. userId or role missing. | 2025-05-14 08:55:59
<=============================================>
eyJ0eXAiOiJKV1QiLCJhbGciOiJIUzI1NiJ9.eyJpZCI6IjMiLCJlbWFpbCI6ImFsaWNlQGV4YW1wbGUuY29tIiwicm9sZSI6ImFkbWluIiwiaWF0IjoxNzQ3MTU5NDM4LCJleHAiOjE3NDcxNjMwMzh9.jnALqLjkXI9nWkVz42ME7yZL8Gr4xouu7D8kQYjc-pQ | 2025-05-14 08:55:59
<=============================================>
null | 2025-05-14 08:55:59
<=============================================>
Token decoded. User ID: , Role:  | 2025-05-14 08:55:59
<=============================================>
Invalid token payload. userId or role missing. | 2025-05-14 08:55:59
<=============================================>
Access denied: Missing token. | 2025-05-14 09:39:09
<=============================================>
eyJ0eXAiOiJKV1QiLCJhbGciOiJIUzI1NiJ9.eyJpZCI6IjMiLCJlbWFpbCI6ImFsaWNlQGV4YW1wbGUuY29tIiwicm9sZSI6ImFkbWluIiwiaWF0IjoxNzQ3MTU5NDM4LCJleHAiOjE3NDcxNjMwMzh9.jnALqLjkXI9nWkVz42ME7yZL8Gr4xouu7D8kQYjc-pQ | 2025-05-14 09:39:09
<=============================================>
null | 2025-05-14 09:39:09
<=============================================>
Token decoded. User ID: , Role:  | 2025-05-14 09:39:09
<=============================================>
Invalid token payload. userId or role missing. | 2025-05-14 09:39:09
<=============================================>
Access denied: Missing token. | 2025-05-14 09:43:11
<=============================================>
eyJ0eXAiOiJKV1QiLCJhbGciOiJIUzI1NiJ9.eyJpZCI6IjMiLCJlbWFpbCI6ImFsaWNlQGV4YW1wbGUuY29tIiwicm9sZSI6ImFkbWluIiwiaWF0IjoxNzQ3MTU5NDM4LCJleHAiOjE3NDcxNjMwMzh9.jnALqLjkXI9nWkVz42ME7yZL8Gr4xouu7D8kQYjc-pQ | 2025-05-14 09:43:11
<=============================================>
null | 2025-05-14 09:43:11
<=============================================>
Token decoded. User ID: , Role:  | 2025-05-14 09:43:11
<=============================================>
Invalid token payload. userId or role missing. | 2025-05-14 09:43:11
<=============================================>
Access denied: Missing token. | 2025-05-14 09:49:26
<=============================================>
Access denied: Missing token. | 2025-05-14 09:49:26
<=============================================>
eyJ0eXAiOiJKV1QiLCJhbGciOiJIUzI1NiJ9.eyJpZCI6IjMiLCJlbWFpbCI6ImFsaWNlQGV4YW1wbGUuY29tIiwicm9sZSI6ImFkbWluIiwiaWF0IjoxNzQ3MTU5NDM4LCJleHAiOjE3NDcxNjMwMzh9.jnALqLjkXI9nWkVz42ME7yZL8Gr4xouu7D8kQYjc-pQ | 2025-05-14 09:49:26
<=============================================>
null | 2025-05-14 09:49:26
<=============================================>
Token decoded. User ID: , Role:  | 2025-05-14 09:49:26
<=============================================>
Invalid token payload. userId or role missing. | 2025-05-14 09:49:26
<=============================================>
eyJ0eXAiOiJKV1QiLCJhbGciOiJIUzI1NiJ9.eyJpZCI6IjMiLCJlbWFpbCI6ImFsaWNlQGV4YW1wbGUuY29tIiwicm9sZSI6ImFkbWluIiwiaWF0IjoxNzQ3MTU5NDM4LCJleHAiOjE3NDcxNjMwMzh9.jnALqLjkXI9nWkVz42ME7yZL8Gr4xouu7D8kQYjc-pQ | 2025-05-14 09:49:26
<=============================================>
null | 2025-05-14 09:49:26
<=============================================>
Token decoded. User ID: , Role:  | 2025-05-14 09:49:26
<=============================================>
Invalid token payload. userId or role missing. | 2025-05-14 09:49:26
<=============================================>
Access denied: Missing token. | 2025-05-14 09:49:33
<=============================================>
Access denied: Missing token. | 2025-05-14 09:49:33
<=============================================>
eyJ0eXAiOiJKV1QiLCJhbGciOiJIUzI1NiJ9.eyJpZCI6IjMiLCJlbWFpbCI6ImFsaWNlQGV4YW1wbGUuY29tIiwicm9sZSI6ImFkbWluIiwiaWF0IjoxNzQ3MTU5NDM4LCJleHAiOjE3NDcxNjMwMzh9.jnALqLjkXI9nWkVz42ME7yZL8Gr4xouu7D8kQYjc-pQ | 2025-05-14 09:49:33
<=============================================>
null | 2025-05-14 09:49:33
<=============================================>
Token decoded. User ID: , Role:  | 2025-05-14 09:49:33
<=============================================>
Invalid token payload. userId or role missing. | 2025-05-14 09:49:33
<=============================================>
eyJ0eXAiOiJKV1QiLCJhbGciOiJIUzI1NiJ9.eyJpZCI6IjMiLCJlbWFpbCI6ImFsaWNlQGV4YW1wbGUuY29tIiwicm9sZSI6ImFkbWluIiwiaWF0IjoxNzQ3MTU5NDM4LCJleHAiOjE3NDcxNjMwMzh9.jnALqLjkXI9nWkVz42ME7yZL8Gr4xouu7D8kQYjc-pQ | 2025-05-14 09:49:33
<=============================================>
null | 2025-05-14 09:49:33
<=============================================>
Token decoded. User ID: , Role:  | 2025-05-14 09:49:33
<=============================================>
Invalid token payload. userId or role missing. | 2025-05-14 09:49:33
<=============================================>
Access denied: Missing token. | 2025-05-14 09:52:45
<=============================================>
eyJ0eXAiOiJKV1QiLCJhbGciOiJIUzI1NiJ9.eyJpZCI6IjMiLCJlbWFpbCI6ImFsaWNlQGV4YW1wbGUuY29tIiwicm9sZSI6ImFkbWluIiwiaWF0IjoxNzQ3MTU5NDM4LCJleHAiOjE3NDcxNjMwMzh9.jnALqLjkXI9nWkVz42ME7yZL8Gr4xouu7D8kQYjc-pQ | 2025-05-14 09:52:45
<=============================================>
null | 2025-05-14 09:52:45
<=============================================>
Token decoded. User ID: , Role:  | 2025-05-14 09:52:45
<=============================================>
Invalid token payload. userId or role missing. | 2025-05-14 09:52:45
<=============================================>
eyJ0eXAiOiJKV1QiLCJhbGciOiJIUzI1NiJ9.eyJpZCI6IjMiLCJlbWFpbCI6ImFsaWNlQGV4YW1wbGUuY29tIiwicm9sZSI6ImFkbWluIiwiaWF0IjoxNzQ3MTU5NDM4LCJleHAiOjE3NDcxNjMwMzh9.jnALqLjkXI9nWkVz42ME7yZL8Gr4xouu7D8kQYjc-pQ | 2025-05-14 09:52:45
<=============================================>
null | 2025-05-14 09:52:45
<=============================================>
Token decoded. User ID: , Role:  | 2025-05-14 09:52:45
<=============================================>
Invalid token payload. userId or role missing. | 2025-05-14 09:52:45
<=============================================>
Access denied: Missing token. | 2025-05-14 10:00:56
<=============================================>
Access denied: Missing token. | 2025-05-14 10:00:56
<=============================================>
eyJ0eXAiOiJKV1QiLCJhbGciOiJIUzI1NiJ9.eyJpZCI6IjMiLCJlbWFpbCI6ImFsaWNlQGV4YW1wbGUuY29tIiwicm9sZSI6ImFkbWluIiwiaWF0IjoxNzQ3MTU5NDM4LCJleHAiOjE3NDcxNjMwMzh9.jnALqLjkXI9nWkVz42ME7yZL8Gr4xouu7D8kQYjc-pQ | 2025-05-14 10:00:56
<=============================================>
null | 2025-05-14 10:00:56
<=============================================>
Token decoded. User ID: , Role:  | 2025-05-14 10:00:56
<=============================================>
Invalid token payload. userId or role missing. | 2025-05-14 10:00:56
<=============================================>
eyJ0eXAiOiJKV1QiLCJhbGciOiJIUzI1NiJ9.eyJpZCI6IjMiLCJlbWFpbCI6ImFsaWNlQGV4YW1wbGUuY29tIiwicm9sZSI6ImFkbWluIiwiaWF0IjoxNzQ3MTU5NDM4LCJleHAiOjE3NDcxNjMwMzh9.jnALqLjkXI9nWkVz42ME7yZL8Gr4xouu7D8kQYjc-pQ | 2025-05-14 10:00:56
<=============================================>
null | 2025-05-14 10:00:56
<=============================================>
Token decoded. User ID: , Role:  | 2025-05-14 10:00:56
<=============================================>
Invalid token payload. userId or role missing. | 2025-05-14 10:00:56
<=============================================>
eyJ0eXAiOiJKV1QiLCJhbGciOiJIUzI1NiJ9.eyJpZCI6IjMiLCJlbWFpbCI6ImFsaWNlQGV4YW1wbGUuY29tIiwicm9sZSI6ImFkbWluIiwiaWF0IjoxNzQ3MTU5NDM4LCJleHAiOjE3NDcxNjMwMzh9.jnALqLjkXI9nWkVz42ME7yZL8Gr4xouu7D8kQYjc-pQ | 2025-05-14 10:00:58
<=============================================>
null | 2025-05-14 10:00:58
<=============================================>
Token decoded. User ID: , Role:  | 2025-05-14 10:00:58
<=============================================>
Invalid token payload. userId or role missing. | 2025-05-14 10:00:58
<=============================================>
eyJ0eXAiOiJKV1QiLCJhbGciOiJIUzI1NiJ9.eyJpZCI6IjMiLCJlbWFpbCI6ImFsaWNlQGV4YW1wbGUuY29tIiwicm9sZSI6ImFkbWluIiwiaWF0IjoxNzQ3MTU5NDM4LCJleHAiOjE3NDcxNjMwMzh9.jnALqLjkXI9nWkVz42ME7yZL8Gr4xouu7D8kQYjc-pQ | 2025-05-14 10:00:58
<=============================================>
null | 2025-05-14 10:00:58
<=============================================>
Token decoded. User ID: , Role:  | 2025-05-14 10:00:58
<=============================================>
Invalid token payload. userId or role missing. | 2025-05-14 10:00:58
<=============================================>
eyJ0eXAiOiJKV1QiLCJhbGciOiJIUzI1NiJ9.eyJpZCI6IjMiLCJlbWFpbCI6ImFsaWNlQGV4YW1wbGUuY29tIiwicm9sZSI6ImFkbWluIiwiaWF0IjoxNzQ3MTU5NDM4LCJleHAiOjE3NDcxNjMwMzh9.jnALqLjkXI9nWkVz42ME7yZL8Gr4xouu7D8kQYjc-pQ | 2025-05-14 10:01:01
<=============================================>
null | 2025-05-14 10:01:01
<=============================================>
Token decoded. User ID: , Role:  | 2025-05-14 10:01:01
<=============================================>
Invalid token payload. userId or role missing. | 2025-05-14 10:01:01
<=============================================>
eyJ0eXAiOiJKV1QiLCJhbGciOiJIUzI1NiJ9.eyJpZCI6IjMiLCJlbWFpbCI6ImFsaWNlQGV4YW1wbGUuY29tIiwicm9sZSI6ImFkbWluIiwiaWF0IjoxNzQ3MTU5NDM4LCJleHAiOjE3NDcxNjMwMzh9.jnALqLjkXI9nWkVz42ME7yZL8Gr4xouu7D8kQYjc-pQ | 2025-05-14 10:01:01
<=============================================>
null | 2025-05-14 10:01:01
<=============================================>
Token decoded. User ID: , Role:  | 2025-05-14 10:01:01
<=============================================>
Invalid token payload. userId or role missing. | 2025-05-14 10:01:01
<=============================================>
Received login data: [] | 2025-05-14 10:16:33
<=============================================>
Validation failed: Missing email or password. | 2025-05-14 10:16:33
<=============================================>
Received login data: {"email":"alice@example.com","password":"password123"} | 2025-05-14 10:16:33
<=============================================>
User logged in successfully: email=alice@example.com, role=admin | 2025-05-14 10:16:34
<=============================================>
Access denied: Missing token. | 2025-05-14 10:16:44
<=============================================>
Access denied: Missing token. | 2025-05-14 10:16:44
<=============================================>
eyJ0eXAiOiJKV1QiLCJhbGciOiJIUzI1NiJ9.eyJpZCI6IjMiLCJlbWFpbCI6ImFsaWNlQGV4YW1wbGUuY29tIiwicm9sZSI6ImFkbWluIiwiaWF0IjoxNzQ3MjE3Nzk0LCJleHAiOjE3NDcyMjEzOTR9.kqqld_ab-u0PIM6JYCPjZtRuxOq8m-67B2KoyJgFxGM | 2025-05-14 10:16:44
<=============================================>
{"id":"3","email":"alice@example.com","role":"admin","iat":1747217794,"exp":1747221394} | 2025-05-14 10:16:44
<=============================================>
Token decoded. User ID: 3, Role: admin | 2025-05-14 10:16:44
<=============================================>
Fetching organization_id for user ID: 3 | 2025-05-14 10:16:44
<=============================================>
User ID: 3 belongs to organization ID: 1. Fetching groups. | 2025-05-14 10:16:44
<=============================================>
Fetched 2 group(s) for user ID: 3 | 2025-05-14 10:16:44
<=============================================>
eyJ0eXAiOiJKV1QiLCJhbGciOiJIUzI1NiJ9.eyJpZCI6IjMiLCJlbWFpbCI6ImFsaWNlQGV4YW1wbGUuY29tIiwicm9sZSI6ImFkbWluIiwiaWF0IjoxNzQ3MjE3Nzk0LCJleHAiOjE3NDcyMjEzOTR9.kqqld_ab-u0PIM6JYCPjZtRuxOq8m-67B2KoyJgFxGM | 2025-05-14 10:16:44
<=============================================>
{"id":"3","email":"alice@example.com","role":"admin","iat":1747217794,"exp":1747221394} | 2025-05-14 10:16:44
<=============================================>
Token decoded. User ID: 3, Role: admin | 2025-05-14 10:16:44
<=============================================>
Fetching organization_id for user ID: 3 | 2025-05-14 10:16:44
<=============================================>
User ID: 3 belongs to organization ID: 1. Fetching groups. | 2025-05-14 10:16:44
<=============================================>
Fetched 2 group(s) for user ID: 3 | 2025-05-14 10:16:44
<=============================================>
Access denied: Missing token. | 2025-05-14 10:21:44
<=============================================>
Access denied: Missing token. | 2025-05-14 10:21:44
<=============================================>
eyJ0eXAiOiJKV1QiLCJhbGciOiJIUzI1NiJ9.eyJpZCI6IjMiLCJlbWFpbCI6ImFsaWNlQGV4YW1wbGUuY29tIiwicm9sZSI6ImFkbWluIiwiaWF0IjoxNzQ3MjE3Nzk0LCJleHAiOjE3NDcyMjEzOTR9.kqqld_ab-u0PIM6JYCPjZtRuxOq8m-67B2KoyJgFxGM | 2025-05-14 10:21:44
<=============================================>
{"id":"3","email":"alice@example.com","role":"admin","iat":1747217794,"exp":1747221394} | 2025-05-14 10:21:44
<=============================================>
Token decoded. User ID: 3, Role: admin | 2025-05-14 10:21:44
<=============================================>
Fetching organization_id for user ID: 3 | 2025-05-14 10:21:44
<=============================================>
User ID: 3 belongs to organization ID: 1. Fetching groups. | 2025-05-14 10:21:44
<=============================================>
Fetched 2 group(s) for user ID: 3 | 2025-05-14 10:21:44
<=============================================>
eyJ0eXAiOiJKV1QiLCJhbGciOiJIUzI1NiJ9.eyJpZCI6IjMiLCJlbWFpbCI6ImFsaWNlQGV4YW1wbGUuY29tIiwicm9sZSI6ImFkbWluIiwiaWF0IjoxNzQ3MjE3Nzk0LCJleHAiOjE3NDcyMjEzOTR9.kqqld_ab-u0PIM6JYCPjZtRuxOq8m-67B2KoyJgFxGM | 2025-05-14 10:21:44
<=============================================>
{"id":"3","email":"alice@example.com","role":"admin","iat":1747217794,"exp":1747221394} | 2025-05-14 10:21:44
<=============================================>
Token decoded. User ID: 3, Role: admin | 2025-05-14 10:21:44
<=============================================>
Fetching organization_id for user ID: 3 | 2025-05-14 10:21:44
<=============================================>
User ID: 3 belongs to organization ID: 1. Fetching groups. | 2025-05-14 10:21:44
<=============================================>
Fetched 2 group(s) for user ID: 3 | 2025-05-14 10:21:44
<=============================================>
Messages queued successfully.. User ID: 3, Organization: 1, Group ID: 0 | 2025-05-14 10:27:32
<=============================================>
Access denied: Missing token. | 2025-05-14 10:33:24
<=============================================>
Access denied: Missing token. | 2025-05-14 10:33:24
<=============================================>
eyJ0eXAiOiJKV1QiLCJhbGciOiJIUzI1NiJ9.eyJpZCI6IjMiLCJlbWFpbCI6ImFsaWNlQGV4YW1wbGUuY29tIiwicm9sZSI6ImFkbWluIiwiaWF0IjoxNzQ3MjE3Nzk0LCJleHAiOjE3NDcyMjEzOTR9.kqqld_ab-u0PIM6JYCPjZtRuxOq8m-67B2KoyJgFxGM | 2025-05-14 10:33:24
<=============================================>
{"id":"3","email":"alice@example.com","role":"admin","iat":1747217794,"exp":1747221394} | 2025-05-14 10:33:24
<=============================================>
Token decoded. User ID: 3, Role: admin | 2025-05-14 10:33:24
<=============================================>
Fetching organization_id for user ID: 3 | 2025-05-14 10:33:24
<=============================================>
User ID: 3 belongs to organization ID: 1. Fetching groups. | 2025-05-14 10:33:24
<=============================================>
Fetched 2 group(s) for user ID: 3 | 2025-05-14 10:33:24
<=============================================>
eyJ0eXAiOiJKV1QiLCJhbGciOiJIUzI1NiJ9.eyJpZCI6IjMiLCJlbWFpbCI6ImFsaWNlQGV4YW1wbGUuY29tIiwicm9sZSI6ImFkbWluIiwiaWF0IjoxNzQ3MjE3Nzk0LCJleHAiOjE3NDcyMjEzOTR9.kqqld_ab-u0PIM6JYCPjZtRuxOq8m-67B2KoyJgFxGM | 2025-05-14 10:33:24
<=============================================>
{"id":"3","email":"alice@example.com","role":"admin","iat":1747217794,"exp":1747221394} | 2025-05-14 10:33:24
<=============================================>
Token decoded. User ID: 3, Role: admin | 2025-05-14 10:33:24
<=============================================>
Fetching organization_id for user ID: 3 | 2025-05-14 10:33:24
<=============================================>
User ID: 3 belongs to organization ID: 1. Fetching groups. | 2025-05-14 10:33:24
<=============================================>
Fetched 2 group(s) for user ID: 3 | 2025-05-14 10:33:24
<=============================================>
Access denied: Missing token. | 2025-05-14 10:33:44
<=============================================>
eyJ0eXAiOiJKV1QiLCJhbGciOiJIUzI1NiJ9.eyJpZCI6IjMiLCJlbWFpbCI6ImFsaWNlQGV4YW1wbGUuY29tIiwicm9sZSI6ImFkbWluIiwiaWF0IjoxNzQ3MjE3Nzk0LCJleHAiOjE3NDcyMjEzOTR9.kqqld_ab-u0PIM6JYCPjZtRuxOq8m-67B2KoyJgFxGM | 2025-05-14 10:33:44
<=============================================>
{"id":"3","email":"alice@example.com","role":"admin","iat":1747217794,"exp":1747221394} | 2025-05-14 10:33:44
<=============================================>
Token decoded. User ID: 3, Role: admin | 2025-05-14 10:33:44
<=============================================>
Fetching organization_id for user ID: 3 | 2025-05-14 10:33:44
<=============================================>
User ID: 3 belongs to organization ID: 1. Fetching groups. | 2025-05-14 10:33:44
<=============================================>
Fetched 2 group(s) for user ID: 3 | 2025-05-14 10:33:44
<=============================================>
Access denied: Missing token. | 2025-05-14 10:50:18
<=============================================>
eyJ0eXAiOiJKV1QiLCJhbGciOiJIUzI1NiJ9.eyJpZCI6IjMiLCJlbWFpbCI6ImFsaWNlQGV4YW1wbGUuY29tIiwicm9sZSI6ImFkbWluIiwiaWF0IjoxNzQ3MjE3Nzk0LCJleHAiOjE3NDcyMjEzOTR9.kqqld_ab-u0PIM6JYCPjZtRuxOq8m-67B2KoyJgFxGM | 2025-05-14 10:50:18
<=============================================>
{"id":"3","email":"alice@example.com","role":"admin","iat":1747217794,"exp":1747221394} | 2025-05-14 10:50:18
<=============================================>
Token decoded. User ID: 3, Role: admin | 2025-05-14 10:50:18
<=============================================>
Fetching organization_id for user ID: 3 | 2025-05-14 10:50:18
<=============================================>
User ID: 3 belongs to organization ID: 1. Fetching groups. | 2025-05-14 10:50:18
<=============================================>
Fetched 2 group(s) for user ID: 3 | 2025-05-14 10:50:18
<=============================================>
Access denied: Missing token. | 2025-05-14 10:51:27
<=============================================>
eyJ0eXAiOiJKV1QiLCJhbGciOiJIUzI1NiJ9.eyJpZCI6IjMiLCJlbWFpbCI6ImFsaWNlQGV4YW1wbGUuY29tIiwicm9sZSI6ImFkbWluIiwiaWF0IjoxNzQ3MjE3Nzk0LCJleHAiOjE3NDcyMjEzOTR9.kqqld_ab-u0PIM6JYCPjZtRuxOq8m-67B2KoyJgFxGM | 2025-05-14 10:51:27
<=============================================>
{"id":"3","email":"alice@example.com","role":"admin","iat":1747217794,"exp":1747221394} | 2025-05-14 10:51:27
<=============================================>
Token decoded. User ID: 3, Role: admin | 2025-05-14 10:51:27
<=============================================>
Fetching organization_id for user ID: 3 | 2025-05-14 10:51:27
<=============================================>
User ID: 3 belongs to organization ID: 1. Fetching groups. | 2025-05-14 10:51:27
<=============================================>
Fetched 2 group(s) for user ID: 3 | 2025-05-14 10:51:27
<=============================================>
Successfully executed 'add' for number: 2348012345678 in group 1 | 2025-05-14 10:54:39
<=============================================>
Successfully executed 'add' for number: 2348098765432 in group 1 | 2025-05-14 10:54:39
<=============================================>
Successfully executed 'add' for number: 2349011223344 in group 1 | 2025-05-14 10:54:39
<=============================================>
Successfully executed 'add' for number: 2347033334444 in group 1 | 2025-05-14 10:54:39
<=============================================>
Successfully executed 'add' for number: 2349055556666 in group 1 | 2025-05-14 10:54:39
<=============================================>
User 3 (admin) performed 'add' on group 'Lagos Customers' (ID: 1) in org 1. Total: 5, Success: 5 | 2025-05-14 10:54:39
<=============================================>
Access denied: Missing token. | 2025-05-14 10:56:31
<=============================================>
Access denied: Missing token. | 2025-05-14 10:56:31
<=============================================>
eyJ0eXAiOiJKV1QiLCJhbGciOiJIUzI1NiJ9.eyJpZCI6IjMiLCJlbWFpbCI6ImFsaWNlQGV4YW1wbGUuY29tIiwicm9sZSI6ImFkbWluIiwiaWF0IjoxNzQ3MjE3Nzk0LCJleHAiOjE3NDcyMjEzOTR9.kqqld_ab-u0PIM6JYCPjZtRuxOq8m-67B2KoyJgFxGM | 2025-05-14 10:56:31
<=============================================>
{"id":"3","email":"alice@example.com","role":"admin","iat":1747217794,"exp":1747221394} | 2025-05-14 10:56:31
<=============================================>
Token decoded. User ID: 3, Role: admin | 2025-05-14 10:56:31
<=============================================>
Fetching organization_id for user ID: 3 | 2025-05-14 10:56:31
<=============================================>
User ID: 3 belongs to organization ID: 1. Fetching groups. | 2025-05-14 10:56:31
<=============================================>
Fetched 2 group(s) for user ID: 3 | 2025-05-14 10:56:31
<=============================================>
eyJ0eXAiOiJKV1QiLCJhbGciOiJIUzI1NiJ9.eyJpZCI6IjMiLCJlbWFpbCI6ImFsaWNlQGV4YW1wbGUuY29tIiwicm9sZSI6ImFkbWluIiwiaWF0IjoxNzQ3MjE3Nzk0LCJleHAiOjE3NDcyMjEzOTR9.kqqld_ab-u0PIM6JYCPjZtRuxOq8m-67B2KoyJgFxGM | 2025-05-14 10:56:31
<=============================================>
{"id":"3","email":"alice@example.com","role":"admin","iat":1747217794,"exp":1747221394} | 2025-05-14 10:56:31
<=============================================>
Token decoded. User ID: 3, Role: admin | 2025-05-14 10:56:31
<=============================================>
Fetching organization_id for user ID: 3 | 2025-05-14 10:56:31
<=============================================>
User ID: 3 belongs to organization ID: 1. Fetching groups. | 2025-05-14 10:56:31
<=============================================>
Fetched 2 group(s) for user ID: 3 | 2025-05-14 10:56:31
<=============================================>
Received registration data: [] | 2025-05-14 13:07:18
<=============================================>
Received registration data: {"email":"alice1@example.com","role":"admin","password":"welcome"} | 2025-05-14 13:07:18
<=============================================>
Received registration data: [] | 2025-05-14 13:07:59
<=============================================>
Received registration data: {"email":"alice1@example.com","role":"admin","password":"welcome"} | 2025-05-14 13:07:59
<=============================================>
Received login data: [] | 2025-05-14 13:08:10
<=============================================>
Validation failed: Missing email or password. | 2025-05-14 13:08:10
<=============================================>
Received login data: {"email":"alice@example.com","password":"password123"} | 2025-05-14 13:08:10
<=============================================>
User logged in successfully: email=alice@example.com, role=admin | 2025-05-14 13:08:10
<=============================================>
Received login data: [] | 2025-05-14 13:09:19
<=============================================>
Validation failed: Missing email or password. | 2025-05-14 13:09:19
<=============================================>
Received login data: {"email":"alice@example.com","password":"password123"} | 2025-05-14 13:09:19
<=============================================>
User logged in successfully: email=alice@example.com, role=admin | 2025-05-14 13:09:19
<=============================================>
Access denied: Missing token. | 2025-05-14 13:21:38
<=============================================>
Access denied: Missing token. | 2025-05-14 13:21:38
<=============================================>
eyJ0eXAiOiJKV1QiLCJhbGciOiJIUzI1NiJ9.eyJpZCI6IjMiLCJlbWFpbCI6ImFsaWNlQGV4YW1wbGUuY29tIiwicm9sZSI6ImFkbWluIiwiaWF0IjoxNzQ3MjI4MTU5LCJleHAiOjE3NDcyMzE3NTl9.h9DLOSndYFQxjO_C0DdviPRFP_dmM27YD6JyX0MDIJE | 2025-05-14 13:21:38
<=============================================>
{"id":"3","email":"alice@example.com","role":"admin","iat":1747228159,"exp":1747231759} | 2025-05-14 13:21:38
<=============================================>
Token decoded. User ID: 3, Role: admin | 2025-05-14 13:21:38
<=============================================>
Fetching organization_id for user ID: 3 | 2025-05-14 13:21:38
<=============================================>
User ID: 3 belongs to organization ID: 1. Fetching groups. | 2025-05-14 13:21:38
<=============================================>
Fetched 2 group(s) for user ID: 3 | 2025-05-14 13:21:38
<=============================================>
eyJ0eXAiOiJKV1QiLCJhbGciOiJIUzI1NiJ9.eyJpZCI6IjMiLCJlbWFpbCI6ImFsaWNlQGV4YW1wbGUuY29tIiwicm9sZSI6ImFkbWluIiwiaWF0IjoxNzQ3MjI4MTU5LCJleHAiOjE3NDcyMzE3NTl9.h9DLOSndYFQxjO_C0DdviPRFP_dmM27YD6JyX0MDIJE | 2025-05-14 13:21:38
<=============================================>
{"id":"3","email":"alice@example.com","role":"admin","iat":1747228159,"exp":1747231759} | 2025-05-14 13:21:38
<=============================================>
Token decoded. User ID: 3, Role: admin | 2025-05-14 13:21:38
<=============================================>
Fetching organization_id for user ID: 3 | 2025-05-14 13:21:38
<=============================================>
User ID: 3 belongs to organization ID: 1. Fetching groups. | 2025-05-14 13:21:38
<=============================================>
Fetched 2 group(s) for user ID: 3 | 2025-05-14 13:21:38
<=============================================>
Access denied: Missing token. | 2025-05-14 13:36:13
<=============================================>
eyJ0eXAiOiJKV1QiLCJhbGciOiJIUzI1NiJ9.eyJpZCI6IjMiLCJlbWFpbCI6ImFsaWNlQGV4YW1wbGUuY29tIiwicm9sZSI6ImFkbWluIiwiaWF0IjoxNzQ3MjI4MTU5LCJleHAiOjE3NDcyMzE3NTl9.h9DLOSndYFQxjO_C0DdviPRFP_dmM27YD6JyX0MDIJE | 2025-05-14 13:36:13
<=============================================>
{"id":"3","email":"alice@example.com","role":"admin","iat":1747228159,"exp":1747231759} | 2025-05-14 13:36:13
<=============================================>
Token decoded. User ID: 3, Role: admin | 2025-05-14 13:36:13
<=============================================>
Fetching organization_id for user ID: 3 | 2025-05-14 13:36:13
<=============================================>
User ID: 3 belongs to organization ID: 1. Fetching groups. | 2025-05-14 13:36:13
<=============================================>
Fetched 2 group(s) for user ID: 3 | 2025-05-14 13:36:13
<=============================================>
Messages queued successfully.. User ID: 3, Organization: 1, Group ID: 0 | 2025-05-14 13:43:20
<=============================================>
Access denied: Missing token. | 2025-05-14 13:45:54
<=============================================>
Access denied: Missing token. | 2025-05-14 13:45:54
<=============================================>
eyJ0eXAiOiJKV1QiLCJhbGciOiJIUzI1NiJ9.eyJpZCI6IjMiLCJlbWFpbCI6ImFsaWNlQGV4YW1wbGUuY29tIiwicm9sZSI6ImFkbWluIiwiaWF0IjoxNzQ3MjI4MTU5LCJleHAiOjE3NDcyMzE3NTl9.h9DLOSndYFQxjO_C0DdviPRFP_dmM27YD6JyX0MDIJE | 2025-05-14 13:45:54
<=============================================>
{"id":"3","email":"alice@example.com","role":"admin","iat":1747228159,"exp":1747231759} | 2025-05-14 13:45:54
<=============================================>
Token decoded. User ID: 3, Role: admin | 2025-05-14 13:45:54
<=============================================>
Fetching organization_id for user ID: 3 | 2025-05-14 13:45:54
<=============================================>
User ID: 3 belongs to organization ID: 1. Fetching groups. | 2025-05-14 13:45:54
<=============================================>
Fetched 2 group(s) for user ID: 3 | 2025-05-14 13:45:54
<=============================================>
eyJ0eXAiOiJKV1QiLCJhbGciOiJIUzI1NiJ9.eyJpZCI6IjMiLCJlbWFpbCI6ImFsaWNlQGV4YW1wbGUuY29tIiwicm9sZSI6ImFkbWluIiwiaWF0IjoxNzQ3MjI4MTU5LCJleHAiOjE3NDcyMzE3NTl9.h9DLOSndYFQxjO_C0DdviPRFP_dmM27YD6JyX0MDIJE | 2025-05-14 13:45:54
<=============================================>
{"id":"3","email":"alice@example.com","role":"admin","iat":1747228159,"exp":1747231759} | 2025-05-14 13:45:54
<=============================================>
Token decoded. User ID: 3, Role: admin | 2025-05-14 13:45:54
<=============================================>
Fetching organization_id for user ID: 3 | 2025-05-14 13:45:54
<=============================================>
User ID: 3 belongs to organization ID: 1. Fetching groups. | 2025-05-14 13:45:54
<=============================================>
Fetched 2 group(s) for user ID: 3 | 2025-05-14 13:45:54
<=============================================>
Messages queued successfully.. User ID: 3, Organization: 1, Group ID: 0 | 2025-05-14 13:46:14
<=============================================>
Received login data: [] | 2025-05-14 14:28:29
<=============================================>
Validation failed: Missing email or password. | 2025-05-14 14:28:29
<=============================================>
Received login data: {"email":"alice@example.com","password":"password123"} | 2025-05-14 14:28:29
<=============================================>
User logged in successfully: email=alice@example.com, role=admin | 2025-05-14 14:28:29
<=============================================>
Access denied: Missing token. | 2025-05-14 14:28:36
<=============================================>
Access denied: Missing token. | 2025-05-14 14:28:36
<=============================================>
eyJ0eXAiOiJKV1QiLCJhbGciOiJIUzI1NiJ9.eyJpZCI6IjMiLCJlbWFpbCI6ImFsaWNlQGV4YW1wbGUuY29tIiwicm9sZSI6ImFkbWluIiwiaWF0IjoxNzQ3MjMyOTA5LCJleHAiOjM2MDE3NDcyMzI5MDl9.ircA6GsLV51MICPkqkVJM2si2iDre7hua74i508tRzo | 2025-05-14 14:28:36
<=============================================>
{"id":"3","email":"alice@example.com","role":"admin","iat":1747232909,"exp":3601747232909} | 2025-05-14 14:28:36
<=============================================>
Token decoded. User ID: 3, Role: admin | 2025-05-14 14:28:36
<=============================================>
Fetching organization_id for user ID: 3 | 2025-05-14 14:28:36
<=============================================>
User ID: 3 belongs to organization ID: 1. Fetching groups. | 2025-05-14 14:28:36
<=============================================>
Fetched 2 group(s) for user ID: 3 | 2025-05-14 14:28:36
<=============================================>
eyJ0eXAiOiJKV1QiLCJhbGciOiJIUzI1NiJ9.eyJpZCI6IjMiLCJlbWFpbCI6ImFsaWNlQGV4YW1wbGUuY29tIiwicm9sZSI6ImFkbWluIiwiaWF0IjoxNzQ3MjMyOTA5LCJleHAiOjM2MDE3NDcyMzI5MDl9.ircA6GsLV51MICPkqkVJM2si2iDre7hua74i508tRzo | 2025-05-14 14:28:36
<=============================================>
{"id":"3","email":"alice@example.com","role":"admin","iat":1747232909,"exp":3601747232909} | 2025-05-14 14:28:36
<=============================================>
Token decoded. User ID: 3, Role: admin | 2025-05-14 14:28:36
<=============================================>
Fetching organization_id for user ID: 3 | 2025-05-14 14:28:36
<=============================================>
User ID: 3 belongs to organization ID: 1. Fetching groups. | 2025-05-14 14:28:36
<=============================================>
Fetched 2 group(s) for user ID: 3 | 2025-05-14 14:28:36
<=============================================>
Failed to queue some messages:  | 2025-05-14 14:29:01
<=============================================>
Access denied: Missing token. | 2025-05-14 14:29:21
<=============================================>
Access denied: Missing token. | 2025-05-14 14:29:21
<=============================================>
eyJ0eXAiOiJKV1QiLCJhbGciOiJIUzI1NiJ9.eyJpZCI6IjMiLCJlbWFpbCI6ImFsaWNlQGV4YW1wbGUuY29tIiwicm9sZSI6ImFkbWluIiwiaWF0IjoxNzQ3MjMyOTA5LCJleHAiOjM2MDE3NDcyMzI5MDl9.ircA6GsLV51MICPkqkVJM2si2iDre7hua74i508tRzo | 2025-05-14 14:29:21
<=============================================>
{"id":"3","email":"alice@example.com","role":"admin","iat":1747232909,"exp":3601747232909} | 2025-05-14 14:29:21
<=============================================>
Token decoded. User ID: 3, Role: admin | 2025-05-14 14:29:21
<=============================================>
Fetching organization_id for user ID: 3 | 2025-05-14 14:29:21
<=============================================>
User ID: 3 belongs to organization ID: 1. Fetching groups. | 2025-05-14 14:29:21
<=============================================>
Fetched 2 group(s) for user ID: 3 | 2025-05-14 14:29:21
<=============================================>
eyJ0eXAiOiJKV1QiLCJhbGciOiJIUzI1NiJ9.eyJpZCI6IjMiLCJlbWFpbCI6ImFsaWNlQGV4YW1wbGUuY29tIiwicm9sZSI6ImFkbWluIiwiaWF0IjoxNzQ3MjMyOTA5LCJleHAiOjM2MDE3NDcyMzI5MDl9.ircA6GsLV51MICPkqkVJM2si2iDre7hua74i508tRzo | 2025-05-14 14:29:22
<=============================================>
{"id":"3","email":"alice@example.com","role":"admin","iat":1747232909,"exp":3601747232909} | 2025-05-14 14:29:22
<=============================================>
Token decoded. User ID: 3, Role: admin | 2025-05-14 14:29:22
<=============================================>
Fetching organization_id for user ID: 3 | 2025-05-14 14:29:22
<=============================================>
User ID: 3 belongs to organization ID: 1. Fetching groups. | 2025-05-14 14:29:22
<=============================================>
Fetched 2 group(s) for user ID: 3 | 2025-05-14 14:29:22
<=============================================>
Failed to queue some messages:  | 2025-05-14 14:29:30
<=============================================>
Failed to queue some messages:  | 2025-05-14 14:32:20
<=============================================>
Messages queued successfully.. User ID: 3, Organization: 1, Group ID: 0 | 2025-05-14 14:39:57
<=============================================>
Messages queued successfully.. User ID: 3, Organization: 1, Group ID: 0 | 2025-05-14 14:42:30
<=============================================>
Failed to queue some messages:  | 2025-05-14 15:06:48
<=============================================>
Access denied: Missing token. | 2025-05-14 15:08:51
<=============================================>
Access denied: Missing token. | 2025-05-14 15:08:51
<=============================================>
eyJ0eXAiOiJKV1QiLCJhbGciOiJIUzI1NiJ9.eyJpZCI6IjMiLCJlbWFpbCI6ImFsaWNlQGV4YW1wbGUuY29tIiwicm9sZSI6ImFkbWluIiwiaWF0IjoxNzQ3MjMyOTA5LCJleHAiOjM2MDE3NDcyMzI5MDl9.ircA6GsLV51MICPkqkVJM2si2iDre7hua74i508tRzo | 2025-05-14 15:08:51
<=============================================>
{"id":"3","email":"alice@example.com","role":"admin","iat":1747232909,"exp":3601747232909} | 2025-05-14 15:08:51
<=============================================>
Token decoded. User ID: 3, Role: admin | 2025-05-14 15:08:51
<=============================================>
Fetching organization_id for user ID: 3 | 2025-05-14 15:08:51
<=============================================>
User ID: 3 belongs to organization ID: 1. Fetching groups. | 2025-05-14 15:08:51
<=============================================>
Fetched 2 group(s) for user ID: 3 | 2025-05-14 15:08:51
<=============================================>
eyJ0eXAiOiJKV1QiLCJhbGciOiJIUzI1NiJ9.eyJpZCI6IjMiLCJlbWFpbCI6ImFsaWNlQGV4YW1wbGUuY29tIiwicm9sZSI6ImFkbWluIiwiaWF0IjoxNzQ3MjMyOTA5LCJleHAiOjM2MDE3NDcyMzI5MDl9.ircA6GsLV51MICPkqkVJM2si2iDre7hua74i508tRzo | 2025-05-14 15:08:51
<=============================================>
{"id":"3","email":"alice@example.com","role":"admin","iat":1747232909,"exp":3601747232909} | 2025-05-14 15:08:51
<=============================================>
Token decoded. User ID: 3, Role: admin | 2025-05-14 15:08:51
<=============================================>
Fetching organization_id for user ID: 3 | 2025-05-14 15:08:51
<=============================================>
User ID: 3 belongs to organization ID: 1. Fetching groups. | 2025-05-14 15:08:51
<=============================================>
Fetched 2 group(s) for user ID: 3 | 2025-05-14 15:08:51
<=============================================>
Failed to queue some messages:  | 2025-05-14 15:09:10
<=============================================>
Failed to queue some messages:  | 2025-05-14 15:42:48
<=============================================>
Messages queued successfully.. User ID: 3, Organization: 1, Group ID: 0 | 2025-05-14 15:46:07
<=============================================>
Successfully queued 5 messages.. User ID: 3, Organization ID: 1, Group ID:  | 2025-05-14 16:28:43
<=============================================>
Excel file converted to CSV: /private/var/folders/qk/rlz916n16zx6jsw6dng3k2j00000gn/T/converted_csv_RgxqBU | 2025-05-14 16:33:49
<=============================================>
Successfully queued 5 messages.. User ID: 3, Organization ID: 1, Group ID:  | 2025-05-14 16:33:49
<=============================================>
Excel file converted to CSV: /private/var/folders/qk/rlz916n16zx6jsw6dng3k2j00000gn/T/converted_csv_VWv8ri | 2025-05-14 16:38:46
<=============================================>
Successfully queued 5 messages.. User ID: 3, Organization ID: 1, Group ID:  | 2025-05-14 16:38:46
<=============================================>
Access denied: Missing token. | 2025-05-14 16:41:13
<=============================================>
Access denied: Missing token. | 2025-05-14 16:41:13
<=============================================>
eyJ0eXAiOiJKV1QiLCJhbGciOiJIUzI1NiJ9.eyJpZCI6IjMiLCJlbWFpbCI6ImFsaWNlQGV4YW1wbGUuY29tIiwicm9sZSI6ImFkbWluIiwiaWF0IjoxNzQ3MjMyOTA5LCJleHAiOjM2MDE3NDcyMzI5MDl9.ircA6GsLV51MICPkqkVJM2si2iDre7hua74i508tRzo | 2025-05-14 16:41:13
<=============================================>
{"id":"3","email":"alice@example.com","role":"admin","iat":1747232909,"exp":3601747232909} | 2025-05-14 16:41:13
<=============================================>
Token decoded. User ID: 3, Role: admin | 2025-05-14 16:41:13
<=============================================>
Fetching organization_id for user ID: 3 | 2025-05-14 16:41:13
<=============================================>
User ID: 3 belongs to organization ID: 1. Fetching groups. | 2025-05-14 16:41:13
<=============================================>
Fetched 2 group(s) for user ID: 3 | 2025-05-14 16:41:13
<=============================================>
eyJ0eXAiOiJKV1QiLCJhbGciOiJIUzI1NiJ9.eyJpZCI6IjMiLCJlbWFpbCI6ImFsaWNlQGV4YW1wbGUuY29tIiwicm9sZSI6ImFkbWluIiwiaWF0IjoxNzQ3MjMyOTA5LCJleHAiOjM2MDE3NDcyMzI5MDl9.ircA6GsLV51MICPkqkVJM2si2iDre7hua74i508tRzo | 2025-05-14 16:41:13
<=============================================>
{"id":"3","email":"alice@example.com","role":"admin","iat":1747232909,"exp":3601747232909} | 2025-05-14 16:41:13
<=============================================>
Token decoded. User ID: 3, Role: admin | 2025-05-14 16:41:13
<=============================================>
Fetching organization_id for user ID: 3 | 2025-05-14 16:41:13
<=============================================>
User ID: 3 belongs to organization ID: 1. Fetching groups. | 2025-05-14 16:41:13
<=============================================>
Fetched 2 group(s) for user ID: 3 | 2025-05-14 16:41:13
<=============================================>
Excel file converted to CSV: /private/var/folders/qk/rlz916n16zx6jsw6dng3k2j00000gn/T/converted_csv_lNKKnH | 2025-05-14 16:49:25
<=============================================>
Excel file converted to CSV: /private/var/folders/qk/rlz916n16zx6jsw6dng3k2j00000gn/T/converted_csv_hyiTl0 | 2025-05-14 16:53:22
<=============================================>
Missing Bearer token. | 2025-05-14 17:07:51
<=============================================>
Excel converted to CSV: /private/var/folders/qk/rlz916n16zx6jsw6dng3k2j00000gn/T/converted_csv_BJy1gn | 2025-05-14 17:07:51
<=============================================>
Missing Bearer token. | 2025-05-14 17:08:35
<=============================================>
Excel converted to CSV: /private/var/folders/qk/rlz916n16zx6jsw6dng3k2j00000gn/T/converted_csv_BIkDKr | 2025-05-14 17:08:35
<=============================================>
Missing Bearer token. | 2025-05-14 17:10:53
<=============================================>
Excel converted to CSV: /private/var/folders/qk/rlz916n16zx6jsw6dng3k2j00000gn/T/converted_csv_PWfNoI | 2025-05-14 17:10:53
<=============================================>
Missing Bearer token. | 2025-05-14 17:11:33
<=============================================>
Excel converted to CSV: /private/var/folders/qk/rlz916n16zx6jsw6dng3k2j00000gn/T/converted_csv_nGj1bW | 2025-05-14 17:11:33
<=============================================>
Successfully queued 5 messages. User ID: 3, Org: 1 | 2025-05-14 17:11:33
<=============================================>
