Received login data: [] | 2025-05-19 01:27:25
<=============================================>
Validation failed: Missing email or password. | 2025-05-19 01:27:25
<=============================================>
Received login data: {"email":"alice@example.com","password":"password123"} | 2025-05-19 01:27:25
<=============================================>
Executing SQL query: SELECT id, full_name, email, password, role FROM users WHERE email = 'alice@example.com' | 2025-05-19 01:27:25
<=============================================>
Query executed. Rows found: 1 | 2025-05-19 01:27:25
<=============================================>
Query result: {"id":"3","full_name":"Alice Johnson","email":"alice@example.com","password":"$2y$10$tVzH93jiM0l6D.dLZIethOOPej..p\/a6QZA55etQDlikqBXpqouBq","role":"admin"} | 2025-05-19 01:27:25
<=============================================>
Password verification successful for email: alice@example.com | 2025-05-19 01:27:25
<=============================================>
JWT generated for user ID 3 | 2025-05-19 01:27:25
<=============================================>
Incoming Headers{"Host":"messaging.approot.ng","Connection":"keep-alive","Accept":"*\/*","Access-Control-Request-Method":"GET","Access-Control-Request-Headers":"authorization","Origin":"https:\/\/portal-bjqu.vercel.app","User-Agent":"Mozilla\/5.0 (Windows NT 10.0; Win64; x64) AppleWebKit\/537.36 (KHTML, like Gecko) Chrome\/136.0.0.0 Safari\/537.36 Edg\/136.0.0.0","Sec-Fetch-Mode":"cors","Sec-Fetch-Site":"cross-site","Sec-Fetch-Dest":"empty","Referer":"https:\/\/portal-bjqu.vercel.app\/","Accept-Encoding":"gzip, deflate, br, zstd","Accept-Language":"en-US,en;q=0.9"} | 2025-05-19 01:27:42
<=============================================>
Authorization Header Missing | 2025-05-19 01:27:42
<=============================================>
Incoming Headers{"Host":"messaging.approot.ng","Connection":"keep-alive","sec-ch-ua-platform":"\"Windows\"","Authorization":"Bearer eyJ0eXAiOiJKV1QiLCJhbGciOiJIUzI1NiJ9.eyJpZCI6IjMiLCJlbWFpbCI6ImFsaWNlQGV4YW1wbGUuY29tIiwicm9sZSI6ImFkbWluIiwiaWF0IjoxNzQ3NjE4MDQ1LCJleHAiOjM2MDE3NDc2MTgwNDV9.YNFE1DacK36fXpNK_kss-xSTcxK58rR3yx4DNB1rYHo","User-Agent":"Mozilla\/5.0 (Windows NT 10.0; Win64; x64) AppleWebKit\/537.36 (KHTML, like Gecko) Chrome\/136.0.0.0 Safari\/537.36 Edg\/136.0.0.0","Accept":"application\/json, text\/plain, *\/*","sec-ch-ua":"\"Chromium\";v=\"136\", \"Microsoft Edge\";v=\"136\", \"Not.A\/Brand\";v=\"99\"","sec-ch-ua-mobile":"?0","Origin":"https:\/\/portal-bjqu.vercel.app","Sec-Fetch-Site":"cross-site","Sec-Fetch-Mode":"cors","Sec-Fetch-Dest":"empty","Referer":"https:\/\/portal-bjqu.vercel.app\/","Accept-Encoding":"gzip, deflate, br, zstd","Accept-Language":"en-US,en;q=0.9"} | 2025-05-19 01:27:42
<=============================================>
eyJ0eXAiOiJKV1QiLCJhbGciOiJIUzI1NiJ9.eyJpZCI6IjMiLCJlbWFpbCI6ImFsaWNlQGV4YW1wbGUuY29tIiwicm9sZSI6ImFkbWluIiwiaWF0IjoxNzQ3NjE4MDQ1LCJleHAiOjM2MDE3NDc2MTgwNDV9.YNFE1DacK36fXpNK_kss-xSTcxK58rR3yx4DNB1rYHo | 2025-05-19 01:27:42
<=============================================>
{"id":"3","email":"alice@example.com","role":"admin","iat":1747618045,"exp":3601747618045} | 2025-05-19 01:27:42
<=============================================>
Token decoded. User ID: 3, Role: admin | 2025-05-19 01:27:42
<=============================================>
Fetching organization_id for user ID: 3 | 2025-05-19 01:27:42
<=============================================>
User ID: 3 belongs to organization ID: 1. Fetching groups. | 2025-05-19 01:27:42
<=============================================>
Fetched 2 group(s) for user ID: 3 | 2025-05-19 01:27:42
<=============================================>
Incoming Headers{"Host":"messaging.approot.ng","Connection":"keep-alive","Accept":"*\/*","Access-Control-Request-Method":"GET","Access-Control-Request-Headers":"authorization","Origin":"https:\/\/portal-bjqu.vercel.app","User-Agent":"Mozilla\/5.0 (Windows NT 10.0; Win64; x64) AppleWebKit\/537.36 (KHTML, like Gecko) Chrome\/136.0.0.0 Safari\/537.36 Edg\/136.0.0.0","Sec-Fetch-Mode":"cors","Sec-Fetch-Site":"cross-site","Sec-Fetch-Dest":"empty","Referer":"https:\/\/portal-bjqu.vercel.app\/","Accept-Encoding":"gzip, deflate, br, zstd","Accept-Language":"en-US,en;q=0.9"} | 2025-05-19 01:28:20
<=============================================>
Authorization Header Missing | 2025-05-19 01:28:20
<=============================================>
Incoming Headers{"Host":"messaging.approot.ng","Connection":"keep-alive","sec-ch-ua-platform":"\"Windows\"","Authorization":"Bearer eyJ0eXAiOiJKV1QiLCJhbGciOiJIUzI1NiJ9.eyJpZCI6IjMiLCJlbWFpbCI6ImFsaWNlQGV4YW1wbGUuY29tIiwicm9sZSI6ImFkbWluIiwiaWF0IjoxNzQ3NjE4MDQ1LCJleHAiOjM2MDE3NDc2MTgwNDV9.YNFE1DacK36fXpNK_kss-xSTcxK58rR3yx4DNB1rYHo","User-Agent":"Mozilla\/5.0 (Windows NT 10.0; Win64; x64) AppleWebKit\/537.36 (KHTML, like Gecko) Chrome\/136.0.0.0 Safari\/537.36 Edg\/136.0.0.0","Accept":"application\/json, text\/plain, *\/*","sec-ch-ua":"\"Chromium\";v=\"136\", \"Microsoft Edge\";v=\"136\", \"Not.A\/Brand\";v=\"99\"","sec-ch-ua-mobile":"?0","Origin":"https:\/\/portal-bjqu.vercel.app","Sec-Fetch-Site":"cross-site","Sec-Fetch-Mode":"cors","Sec-Fetch-Dest":"empty","Referer":"https:\/\/portal-bjqu.vercel.app\/","Accept-Encoding":"gzip, deflate, br, zstd","Accept-Language":"en-US,en;q=0.9"} | 2025-05-19 01:28:20
<=============================================>
eyJ0eXAiOiJKV1QiLCJhbGciOiJIUzI1NiJ9.eyJpZCI6IjMiLCJlbWFpbCI6ImFsaWNlQGV4YW1wbGUuY29tIiwicm9sZSI6ImFkbWluIiwiaWF0IjoxNzQ3NjE4MDQ1LCJleHAiOjM2MDE3NDc2MTgwNDV9.YNFE1DacK36fXpNK_kss-xSTcxK58rR3yx4DNB1rYHo | 2025-05-19 01:28:20
<=============================================>
{"id":"3","email":"alice@example.com","role":"admin","iat":1747618045,"exp":3601747618045} | 2025-05-19 01:28:20
<=============================================>
Token decoded. User ID: 3, Role: admin | 2025-05-19 01:28:20
<=============================================>
Fetching organization_id for user ID: 3 | 2025-05-19 01:28:20
<=============================================>
User ID: 3 belongs to organization ID: 1. Fetching groups. | 2025-05-19 01:28:20
<=============================================>
Fetched 2 group(s) for user ID: 3 | 2025-05-19 01:28:20
<=============================================>
Incoming Headers{"Host":"messaging.approot.ng","Connection":"keep-alive","Accept":"*\/*","Access-Control-Request-Method":"GET","Access-Control-Request-Headers":"authorization","Origin":"https:\/\/portal-bjqu.vercel.app","User-Agent":"Mozilla\/5.0 (Windows NT 10.0; Win64; x64) AppleWebKit\/537.36 (KHTML, like Gecko) Chrome\/136.0.0.0 Safari\/537.36 Edg\/136.0.0.0","Sec-Fetch-Mode":"cors","Sec-Fetch-Site":"cross-site","Sec-Fetch-Dest":"empty","Referer":"https:\/\/portal-bjqu.vercel.app\/","Accept-Encoding":"gzip, deflate, br, zstd","Accept-Language":"en-US,en;q=0.9"} | 2025-05-19 01:29:08
<=============================================>
Authorization Header Missing | 2025-05-19 01:29:08
<=============================================>
Incoming Headers{"Host":"messaging.approot.ng","Connection":"keep-alive","sec-ch-ua-platform":"\"Windows\"","Authorization":"Bearer eyJ0eXAiOiJKV1QiLCJhbGciOiJIUzI1NiJ9.eyJpZCI6IjMiLCJlbWFpbCI6ImFsaWNlQGV4YW1wbGUuY29tIiwicm9sZSI6ImFkbWluIiwiaWF0IjoxNzQ3NjE4MDQ1LCJleHAiOjM2MDE3NDc2MTgwNDV9.YNFE1DacK36fXpNK_kss-xSTcxK58rR3yx4DNB1rYHo","User-Agent":"Mozilla\/5.0 (Windows NT 10.0; Win64; x64) AppleWebKit\/537.36 (KHTML, like Gecko) Chrome\/136.0.0.0 Safari\/537.36 Edg\/136.0.0.0","Accept":"application\/json, text\/plain, *\/*","sec-ch-ua":"\"Chromium\";v=\"136\", \"Microsoft Edge\";v=\"136\", \"Not.A\/Brand\";v=\"99\"","sec-ch-ua-mobile":"?0","Origin":"https:\/\/portal-bjqu.vercel.app","Sec-Fetch-Site":"cross-site","Sec-Fetch-Mode":"cors","Sec-Fetch-Dest":"empty","Referer":"https:\/\/portal-bjqu.vercel.app\/","Accept-Encoding":"gzip, deflate, br, zstd","Accept-Language":"en-US,en;q=0.9"} | 2025-05-19 01:29:08
<=============================================>
eyJ0eXAiOiJKV1QiLCJhbGciOiJIUzI1NiJ9.eyJpZCI6IjMiLCJlbWFpbCI6ImFsaWNlQGV4YW1wbGUuY29tIiwicm9sZSI6ImFkbWluIiwiaWF0IjoxNzQ3NjE4MDQ1LCJleHAiOjM2MDE3NDc2MTgwNDV9.YNFE1DacK36fXpNK_kss-xSTcxK58rR3yx4DNB1rYHo | 2025-05-19 01:29:08
<=============================================>
{"id":"3","email":"alice@example.com","role":"admin","iat":1747618045,"exp":3601747618045} | 2025-05-19 01:29:08
<=============================================>
Token decoded. User ID: 3, Role: admin | 2025-05-19 01:29:08
<=============================================>
Fetching organization_id for user ID: 3 | 2025-05-19 01:29:08
<=============================================>
User ID: 3 belongs to organization ID: 1. Fetching groups. | 2025-05-19 01:29:08
<=============================================>
Fetched 2 group(s) for user ID: 3 | 2025-05-19 01:29:08
<=============================================>
Incoming Headers{"Host":"messaging.approot.ng","Connection":"keep-alive","Accept":"*\/*","Access-Control-Request-Method":"GET","Access-Control-Request-Headers":"authorization","Origin":"https:\/\/portal-bjqu.vercel.app","User-Agent":"Mozilla\/5.0 (Windows NT 10.0; Win64; x64) AppleWebKit\/537.36 (KHTML, like Gecko) Chrome\/136.0.0.0 Safari\/537.36","Sec-Fetch-Mode":"cors","Sec-Fetch-Site":"cross-site","Sec-Fetch-Dest":"empty","Referer":"https:\/\/portal-bjqu.vercel.app\/","Accept-Encoding":"gzip, deflate, br, zstd","Accept-Language":"en-US,en;q=0.9"} | 2025-05-19 09:54:49
<=============================================>
Authorization Header Missing | 2025-05-19 09:54:49
<=============================================>
Incoming Headers{"Host":"messaging.approot.ng","Connection":"keep-alive","sec-ch-ua-platform":"\"Windows\"","Authorization":"Bearer eyJ0eXAiOiJKV1QiLCJhbGciOiJIUzI1NiJ9.eyJpZCI6IjMiLCJlbWFpbCI6ImFsaWNlQGV4YW1wbGUuY29tIiwicm9sZSI6ImFkbWluIiwiaWF0IjoxNzQ3Mzg4MDc4LCJleHAiOjM2MDE3NDczODgwNzh9.n64p95ja0WiqYjwefxO0rlWn1UhcG8kXi7Zb2E94zv0","User-Agent":"Mozilla\/5.0 (Windows NT 10.0; Win64; x64) AppleWebKit\/537.36 (KHTML, like Gecko) Chrome\/136.0.0.0 Safari\/537.36","Accept":"application\/json, text\/plain, *\/*","sec-ch-ua":"\"Chromium\";v=\"136\", \"Google Chrome\";v=\"136\", \"Not.A\/Brand\";v=\"99\"","sec-ch-ua-mobile":"?0","Origin":"https:\/\/portal-bjqu.vercel.app","Sec-Fetch-Site":"cross-site","Sec-Fetch-Mode":"cors","Sec-Fetch-Dest":"empty","Referer":"https:\/\/portal-bjqu.vercel.app\/","Accept-Encoding":"gzip, deflate, br, zstd","Accept-Language":"en-US,en;q=0.9"} | 2025-05-19 09:54:49
<=============================================>
eyJ0eXAiOiJKV1QiLCJhbGciOiJIUzI1NiJ9.eyJpZCI6IjMiLCJlbWFpbCI6ImFsaWNlQGV4YW1wbGUuY29tIiwicm9sZSI6ImFkbWluIiwiaWF0IjoxNzQ3Mzg4MDc4LCJleHAiOjM2MDE3NDczODgwNzh9.n64p95ja0WiqYjwefxO0rlWn1UhcG8kXi7Zb2E94zv0 | 2025-05-19 09:54:49
<=============================================>
{"id":"3","email":"alice@example.com","role":"admin","iat":1747388078,"exp":3601747388078} | 2025-05-19 09:54:49
<=============================================>
Token decoded. User ID: 3, Role: admin | 2025-05-19 09:54:49
<=============================================>
Fetching organization_id for user ID: 3 | 2025-05-19 09:54:49
<=============================================>
User ID: 3 belongs to organization ID: 1. Fetching groups. | 2025-05-19 09:54:49
<=============================================>
Fetched 2 group(s) for user ID: 3 | 2025-05-19 09:54:49
<=============================================>
Incoming Headers{"Host":"messaging.approot.ng","Connection":"keep-alive","sec-ch-ua-platform":"\"Windows\"","Authorization":"Bearer eyJ0eXAiOiJKV1QiLCJhbGciOiJIUzI1NiJ9.eyJpZCI6IjMiLCJlbWFpbCI6ImFsaWNlQGV4YW1wbGUuY29tIiwicm9sZSI6ImFkbWluIiwiaWF0IjoxNzQ3Mzg4MDc4LCJleHAiOjM2MDE3NDczODgwNzh9.n64p95ja0WiqYjwefxO0rlWn1UhcG8kXi7Zb2E94zv0","User-Agent":"Mozilla\/5.0 (Windows NT 10.0; Win64; x64) AppleWebKit\/537.36 (KHTML, like Gecko) Chrome\/136.0.0.0 Safari\/537.36","Accept":"application\/json, text\/plain, *\/*","sec-ch-ua":"\"Chromium\";v=\"136\", \"Google Chrome\";v=\"136\", \"Not.A\/Brand\";v=\"99\"","sec-ch-ua-mobile":"?0","Origin":"https:\/\/portal-bjqu.vercel.app","Sec-Fetch-Site":"cross-site","Sec-Fetch-Mode":"cors","Sec-Fetch-Dest":"empty","Referer":"https:\/\/portal-bjqu.vercel.app\/","Accept-Encoding":"gzip, deflate, br, zstd","Accept-Language":"en-US,en;q=0.9"} | 2025-05-19 09:54:50
<=============================================>
eyJ0eXAiOiJKV1QiLCJhbGciOiJIUzI1NiJ9.eyJpZCI6IjMiLCJlbWFpbCI6ImFsaWNlQGV4YW1wbGUuY29tIiwicm9sZSI6ImFkbWluIiwiaWF0IjoxNzQ3Mzg4MDc4LCJleHAiOjM2MDE3NDczODgwNzh9.n64p95ja0WiqYjwefxO0rlWn1UhcG8kXi7Zb2E94zv0 | 2025-05-19 09:54:50
<=============================================>
{"id":"3","email":"alice@example.com","role":"admin","iat":1747388078,"exp":3601747388078} | 2025-05-19 09:54:50
<=============================================>
Token decoded. User ID: 3, Role: admin | 2025-05-19 09:54:50
<=============================================>
Fetching organization_id for user ID: 3 | 2025-05-19 09:54:50
<=============================================>
User ID: 3 belongs to organization ID: 1. Fetching groups. | 2025-05-19 09:54:50
<=============================================>
Fetched 2 group(s) for user ID: 3 | 2025-05-19 09:54:50
<=============================================>
Incoming Headers{"Host":"messaging.approot.ng","Connection":"keep-alive","Accept":"*\/*","Access-Control-Request-Method":"GET","Access-Control-Request-Headers":"authorization","Origin":"https:\/\/portal-bjqu.vercel.app","User-Agent":"Mozilla\/5.0 (Windows NT 10.0; Win64; x64) AppleWebKit\/537.36 (KHTML, like Gecko) Chrome\/136.0.0.0 Safari\/537.36","Sec-Fetch-Mode":"cors","Sec-Fetch-Site":"cross-site","Sec-Fetch-Dest":"empty","Referer":"https:\/\/portal-bjqu.vercel.app\/","Accept-Encoding":"gzip, deflate, br, zstd","Accept-Language":"en-US,en;q=0.9"} | 2025-05-19 09:54:56
<=============================================>
Authorization Header Missing | 2025-05-19 09:54:56
<=============================================>
Incoming Headers{"Host":"messaging.approot.ng","Connection":"keep-alive","sec-ch-ua-platform":"\"Windows\"","Authorization":"Bearer eyJ0eXAiOiJKV1QiLCJhbGciOiJIUzI1NiJ9.eyJpZCI6IjMiLCJlbWFpbCI6ImFsaWNlQGV4YW1wbGUuY29tIiwicm9sZSI6ImFkbWluIiwiaWF0IjoxNzQ3Mzg4MDc4LCJleHAiOjM2MDE3NDczODgwNzh9.n64p95ja0WiqYjwefxO0rlWn1UhcG8kXi7Zb2E94zv0","User-Agent":"Mozilla\/5.0 (Windows NT 10.0; Win64; x64) AppleWebKit\/537.36 (KHTML, like Gecko) Chrome\/136.0.0.0 Safari\/537.36","Accept":"application\/json, text\/plain, *\/*","sec-ch-ua":"\"Chromium\";v=\"136\", \"Google Chrome\";v=\"136\", \"Not.A\/Brand\";v=\"99\"","sec-ch-ua-mobile":"?0","Origin":"https:\/\/portal-bjqu.vercel.app","Sec-Fetch-Site":"cross-site","Sec-Fetch-Mode":"cors","Sec-Fetch-Dest":"empty","Referer":"https:\/\/portal-bjqu.vercel.app\/","Accept-Encoding":"gzip, deflate, br, zstd","Accept-Language":"en-US,en;q=0.9"} | 2025-05-19 09:54:56
<=============================================>
eyJ0eXAiOiJKV1QiLCJhbGciOiJIUzI1NiJ9.eyJpZCI6IjMiLCJlbWFpbCI6ImFsaWNlQGV4YW1wbGUuY29tIiwicm9sZSI6ImFkbWluIiwiaWF0IjoxNzQ3Mzg4MDc4LCJleHAiOjM2MDE3NDczODgwNzh9.n64p95ja0WiqYjwefxO0rlWn1UhcG8kXi7Zb2E94zv0 | 2025-05-19 09:54:56
<=============================================>
{"id":"3","email":"alice@example.com","role":"admin","iat":1747388078,"exp":3601747388078} | 2025-05-19 09:54:56
<=============================================>
Token decoded. User ID: 3, Role: admin | 2025-05-19 09:54:56
<=============================================>
Fetching organization_id for user ID: 3 | 2025-05-19 09:54:56
<=============================================>
User ID: 3 belongs to organization ID: 1. Fetching groups. | 2025-05-19 09:54:56
<=============================================>
Fetched 2 group(s) for user ID: 3 | 2025-05-19 09:54:56
<=============================================>
Incoming Headers{"Host":"messaging.approot.ng","Connection":"keep-alive","sec-ch-ua-platform":"\"Windows\"","Authorization":"Bearer eyJ0eXAiOiJKV1QiLCJhbGciOiJIUzI1NiJ9.eyJpZCI6IjMiLCJlbWFpbCI6ImFsaWNlQGV4YW1wbGUuY29tIiwicm9sZSI6ImFkbWluIiwiaWF0IjoxNzQ3Mzg4MDc4LCJleHAiOjM2MDE3NDczODgwNzh9.n64p95ja0WiqYjwefxO0rlWn1UhcG8kXi7Zb2E94zv0","User-Agent":"Mozilla\/5.0 (Windows NT 10.0; Win64; x64) AppleWebKit\/537.36 (KHTML, like Gecko) Chrome\/136.0.0.0 Safari\/537.36","Accept":"application\/json, text\/plain, *\/*","sec-ch-ua":"\"Chromium\";v=\"136\", \"Google Chrome\";v=\"136\", \"Not.A\/Brand\";v=\"99\"","sec-ch-ua-mobile":"?0","Origin":"https:\/\/portal-bjqu.vercel.app","Sec-Fetch-Site":"cross-site","Sec-Fetch-Mode":"cors","Sec-Fetch-Dest":"empty","Referer":"https:\/\/portal-bjqu.vercel.app\/","Accept-Encoding":"gzip, deflate, br, zstd","Accept-Language":"en-US,en;q=0.9"} | 2025-05-19 09:54:58
<=============================================>
eyJ0eXAiOiJKV1QiLCJhbGciOiJIUzI1NiJ9.eyJpZCI6IjMiLCJlbWFpbCI6ImFsaWNlQGV4YW1wbGUuY29tIiwicm9sZSI6ImFkbWluIiwiaWF0IjoxNzQ3Mzg4MDc4LCJleHAiOjM2MDE3NDczODgwNzh9.n64p95ja0WiqYjwefxO0rlWn1UhcG8kXi7Zb2E94zv0 | 2025-05-19 09:54:58
<=============================================>
{"id":"3","email":"alice@example.com","role":"admin","iat":1747388078,"exp":3601747388078} | 2025-05-19 09:54:58
<=============================================>
Token decoded. User ID: 3, Role: admin | 2025-05-19 09:54:58
<=============================================>
Fetching organization_id for user ID: 3 | 2025-05-19 09:54:58
<=============================================>
User ID: 3 belongs to organization ID: 1. Fetching groups. | 2025-05-19 09:54:58
<=============================================>
Fetched 2 group(s) for user ID: 3 | 2025-05-19 09:54:58
<=============================================>
